2024-09-11 08:26:27.224 [info] [main] Log level: Info
2024-09-11 08:26:27.224 [info] [main] Validating found git in: "git"
2024-09-11 08:26:27.224 [info] [main] Using git "2.25.1" from "git"
2024-09-11 08:26:27.224 [info] [Model][doInitialScan] Initial repository scan started
2024-09-11 08:26:27.237 [info] > git rev-parse --show-toplevel [6ms]
2024-09-11 08:26:27.242 [info] > git rev-parse --git-dir --git-common-dir [2ms]
2024-09-11 08:26:27.254 [info] [Model][openRepository] Opened repository: /root
2024-09-11 08:26:27.301 [info] > git rev-parse --show-toplevel [41ms]
2024-09-11 08:26:27.303 [info] > git config --get commit.template [44ms]
2024-09-11 08:26:27.319 [info] > git rev-parse --show-toplevel [10ms]
2024-09-11 08:26:27.323 [info] [Model][doInitialScan] Initial repository scan completed - repositories (1), closed repositories (0), parent repositories (0), unsafe repositories (0)
2024-09-11 08:26:27.326 [info] > git for-each-ref --format=%(refname)%00%(upstream:short)%00%(objectname)%00%(upstream:track)%00%(upstream:remotename)%00%(upstream:remoteref) refs/heads/main refs/remotes/main [9ms]
2024-09-11 08:26:27.666 [info] > git show --textconv :webApp/btools/urls.py [6ms]
2024-09-11 08:26:27.677 [info] > git status -z -uall [306ms] (cancelled)
2024-09-11 08:26:27.684 [info] > git ls-files --stage -- /root/webApp/btools/urls.py [19ms]
2024-09-11 08:26:27.705 [info] > git cat-file -s 75125c7878d6f1282c27101f219c8e21dd5a1d5e [2ms]
2024-09-11 08:26:28.011 [info] > git check-ignore -v -z --stdin [3ms]
2024-09-11 08:26:33.168 [info] > git for-each-ref --format=%(refname)%00%(upstream:short)%00%(objectname)%00%(upstream:track)%00%(upstream:remotename)%00%(upstream:remoteref) refs/heads/main refs/remotes/main [3814ms]
2024-09-11 08:26:33.335 [info] > git config --local branch.main.vscode-merge-base [158ms]
2024-09-11 08:26:33.343 [warning] [Git][config] git config failed: Failed to execute git
2024-09-11 08:26:33.381 [info] > git config --get commit.template [217ms]
2024-09-11 08:26:33.434 [info] > git reflog main --grep-reflog=branch: Created from *. [53ms]
2024-09-11 08:26:33.448 [info] > git for-each-ref --format=%(refname)%00%(upstream:short)%00%(objectname)%00%(upstream:track)%00%(upstream:remotename)%00%(upstream:remoteref) refs/heads/main refs/remotes/main [3ms]
2024-09-11 08:26:33.455 [info] > git symbolic-ref --short refs/remotes/origin/HEAD [17ms]
2024-09-11 08:26:33.455 [info] fatal: ref refs/remotes/origin/HEAD is not a symbolic ref
2024-09-11 08:26:33.484 [info] > git merge-base refs/heads/main refs/remotes/origin/main [2ms]
2024-09-11 08:26:33.519 [info] > git rev-list --count --left-right refs/heads/main...refs/remotes/origin/main [18ms]
2024-09-11 08:26:33.551 [info] > git diff --name-status -z --diff-filter=ADMR 943b8ea5f142a3948350fc7eb7bd960e32ea6a79...refs/remotes/origin/main [17ms]
2024-09-11 08:26:37.242 [info] > git status -z -uall [3725ms] (cancelled)
2024-09-11 08:26:37.243 [info] > git for-each-ref --format=%(refname)%00%(upstream:short)%00%(objectname)%00%(upstream:track)%00%(upstream:remotename)%00%(upstream:remoteref) refs/heads/main refs/remotes/main [3199ms]
2024-09-11 08:26:37.291 [info] > git config --local branch.main.vscode-merge-base [8ms]
2024-09-11 08:26:37.291 [warning] [Git][config] git config failed: Failed to execute git
2024-09-11 08:26:37.325 [info] > git reflog main --grep-reflog=branch: Created from *. [15ms]
2024-09-11 08:26:37.392 [info] > git symbolic-ref --short refs/remotes/origin/HEAD [63ms]
2024-09-11 08:26:37.393 [info] fatal: ref refs/remotes/origin/HEAD is not a symbolic ref
2024-09-11 08:32:33.039 [info] > git show --textconv :webApp/btools/settings.py [9ms]
2024-09-11 08:32:33.045 [info] > git ls-files --stage -- /root/webApp/btools/settings.py [7ms]
2024-09-11 08:32:33.051 [info] > git cat-file -s e6380cc24d28651539c583fecd04aede7cebee88 [3ms]
2024-09-11 08:41:21.704 [info] > git show --textconv :webApp/btools/urls.py [3ms]
2024-09-11 08:41:21.706 [info] > git ls-files --stage -- /root/webApp/btools/urls.py [3ms]
2024-09-11 08:41:21.710 [info] > git cat-file -s 75125c7878d6f1282c27101f219c8e21dd5a1d5e [1ms]
2024-09-11 08:42:29.720 [info] > git show --textconv :webApp/btools/urls.py [4ms]
2024-09-11 08:42:29.721 [info] > git ls-files --stage -- /root/webApp/btools/urls.py [1ms]
2024-09-11 08:42:29.723 [info] > git cat-file -s 75125c7878d6f1282c27101f219c8e21dd5a1d5e [1ms]
2024-09-11 08:44:03.407 [info] > git show --textconv :webApp/btools/views.py [2ms]
2024-09-11 08:44:03.408 [info] > git ls-files --stage -- /root/webApp/btools/views.py [2ms]
2024-09-11 08:44:03.650 [info] > git check-ignore -v -z --stdin [1ms]
2024-09-11 08:44:05.986 [info] > git show --textconv :webApp/btools/urls.py [19ms]
2024-09-11 08:44:05.992 [info] > git ls-files --stage -- /root/webApp/btools/urls.py [7ms]
2024-09-11 08:44:06.009 [info] > git cat-file -s 75125c7878d6f1282c27101f219c8e21dd5a1d5e [2ms]
2024-09-11 08:44:14.769 [info] > git show --textconv :webApp/btools/views.py [3ms]
2024-09-11 08:44:14.769 [info] > git ls-files --stage -- /root/webApp/btools/views.py [1ms]
2024-09-11 08:44:30.277 [info] > git show --textconv :webApp/btools/urls.py [2ms]
2024-09-11 08:44:30.278 [info] > git ls-files --stage -- /root/webApp/btools/urls.py [1ms]
2024-09-11 08:44:30.280 [info] > git cat-file -s 75125c7878d6f1282c27101f219c8e21dd5a1d5e [1ms]
2024-09-11 08:44:48.149 [info] > git show --textconv :webApp/btools/views.py [4ms]
2024-09-11 08:44:48.150 [info] > git ls-files --stage -- /root/webApp/btools/views.py [2ms]
2024-09-11 08:45:12.305 [info] > git show --textconv :webApp/btools/urls.py [3ms]
2024-09-11 08:45:12.306 [info] > git ls-files --stage -- /root/webApp/btools/urls.py [2ms]
2024-09-11 08:45:12.309 [info] > git cat-file -s 75125c7878d6f1282c27101f219c8e21dd5a1d5e [1ms]
2024-09-11 08:45:59.334 [info] > git show --textconv :webApp/btools/views.py [3ms]
2024-09-11 08:45:59.335 [info] > git ls-files --stage -- /root/webApp/btools/views.py [1ms]
2024-09-11 08:46:47.538 [info] > git show --textconv :webApp/btools/urls.py [2ms]
2024-09-11 08:46:47.539 [info] > git ls-files --stage -- /root/webApp/btools/urls.py [1ms]
2024-09-11 08:46:47.542 [info] > git cat-file -s 75125c7878d6f1282c27101f219c8e21dd5a1d5e [1ms]
2024-09-11 08:48:34.762 [info] > git show --textconv :webApp/btools/views.py [3ms]
2024-09-11 08:48:34.763 [info] > git ls-files --stage -- /root/webApp/btools/views.py [2ms]
2024-09-11 08:48:43.662 [info] > git show --textconv :webApp/btools/urls.py [3ms]
2024-09-11 08:48:43.663 [info] > git ls-files --stage -- /root/webApp/btools/urls.py [2ms]
2024-09-11 08:48:43.666 [info] > git cat-file -s 75125c7878d6f1282c27101f219c8e21dd5a1d5e [2ms]
2024-09-11 08:48:46.317 [info] > git show --textconv :webApp/btools/views.py [3ms]
2024-09-11 08:48:46.318 [info] > git ls-files --stage -- /root/webApp/btools/views.py [1ms]
2024-09-11 08:49:20.338 [info] > git show --textconv :webApp/btools/urls.py [3ms]
2024-09-11 08:49:20.339 [info] > git ls-files --stage -- /root/webApp/btools/urls.py [2ms]
2024-09-11 08:49:20.342 [info] > git cat-file -s 75125c7878d6f1282c27101f219c8e21dd5a1d5e [1ms]
2024-09-11 08:49:30.684 [info] > git check-ignore -v -z --stdin [2ms]
2024-09-11 08:49:36.658 [info] > git show --textconv :webApp/btools/templates/login.html [6ms]
2024-09-11 08:49:36.661 [info] > git ls-files --stage -- /root/webApp/btools/templates/login.html [5ms]
2024-09-11 08:49:36.872 [info] > git check-ignore -v -z --stdin [1ms]
2024-09-11 08:49:43.048 [info] > git show --textconv :webApp/btools/templates/dashboard.html [3ms]
2024-09-11 08:49:43.049 [info] > git ls-files --stage -- /root/webApp/btools/templates/dashboard.html [2ms]
2024-09-11 08:49:43.272 [info] > git check-ignore -v -z --stdin [1ms]
2024-09-11 08:49:48.342 [info] > git show --textconv :webApp/btools/views.py [3ms]
2024-09-11 08:49:48.344 [info] > git ls-files --stage -- /root/webApp/btools/views.py [3ms]
2024-09-11 08:49:49.858 [info] > git show --textconv :webApp/btools/templates/dashboard.html [3ms]
2024-09-11 08:49:49.858 [info] > git ls-files --stage -- /root/webApp/btools/templates/dashboard.html [1ms]
2024-09-11 08:51:07.713 [info] > git show --textconv :webApp/btools/templates/login.html [2ms]
2024-09-11 08:51:07.714 [info] > git ls-files --stage -- /root/webApp/btools/templates/login.html [1ms]
2024-09-11 08:52:20.832 [info] > git show --textconv :webApp/btools/templates/dashboard.html [4ms]
2024-09-11 08:52:20.833 [info] > git ls-files --stage -- /root/webApp/btools/templates/dashboard.html [3ms]
2024-09-11 08:52:22.386 [info] > git ls-files --stage -- /root/webApp/btools/views.py [2ms]
2024-09-11 08:52:22.391 [info] > git show --textconv :webApp/btools/views.py [9ms]
2024-09-11 08:52:23.009 [info] > git show --textconv :webApp/btools/urls.py [4ms]
2024-09-11 08:52:23.010 [info] > git ls-files --stage -- /root/webApp/btools/urls.py [1ms]
2024-09-11 08:52:23.013 [info] > git cat-file -s 75125c7878d6f1282c27101f219c8e21dd5a1d5e [1ms]
2024-09-11 08:52:24.403 [info] > git show --textconv :webApp/btools/views.py [3ms]
2024-09-11 08:52:24.404 [info] > git ls-files --stage -- /root/webApp/btools/views.py [2ms]
2024-09-11 08:52:25.546 [info] > git show --textconv :webApp/btools/urls.py [3ms]
2024-09-11 08:52:25.546 [info] > git ls-files --stage -- /root/webApp/btools/urls.py [1ms]
2024-09-11 08:52:25.549 [info] > git cat-file -s 75125c7878d6f1282c27101f219c8e21dd5a1d5e [1ms]
2024-09-11 08:52:26.987 [info] > git show --textconv :webApp/btools/settings.py [2ms]
2024-09-11 08:52:26.988 [info] > git ls-files --stage -- /root/webApp/btools/settings.py [1ms]
2024-09-11 08:52:26.991 [info] > git cat-file -s e6380cc24d28651539c583fecd04aede7cebee88 [1ms]
2024-09-11 08:52:41.504 [info] > git show --textconv :webApp/btools/urls.py [3ms]
2024-09-11 08:52:41.504 [info] > git ls-files --stage -- /root/webApp/btools/urls.py [1ms]
2024-09-11 08:52:41.507 [info] > git cat-file -s 75125c7878d6f1282c27101f219c8e21dd5a1d5e [1ms]
2024-09-11 08:52:45.362 [info] > git show --textconv :webApp/btools/views.py [3ms]
2024-09-11 08:52:45.363 [info] > git ls-files --stage -- /root/webApp/btools/views.py [2ms]
2024-09-11 08:54:18.842 [info] > git ls-files --stage -- /root/webApp/btools/urls.py [2ms]
2024-09-11 08:54:18.845 [info] > git show --textconv :webApp/btools/urls.py [7ms]
2024-09-11 08:54:18.848 [info] > git cat-file -s 75125c7878d6f1282c27101f219c8e21dd5a1d5e [3ms]
2024-09-11 08:55:07.765 [info] > git show --textconv :webApp/btools/templates/dashboard.html [3ms]
2024-09-11 08:55:07.766 [info] > git ls-files --stage -- /root/webApp/btools/templates/dashboard.html [2ms]
2024-09-11 08:55:10.315 [info] > git show --textconv :webApp/btools/templates/login.html [3ms]
2024-09-11 08:55:10.316 [info] > git ls-files --stage -- /root/webApp/btools/templates/login.html [2ms]
2024-09-11 08:55:11.559 [info] > git show --textconv :webApp/btools/templates/dashboard.html [2ms]
2024-09-11 08:55:11.561 [info] > git ls-files --stage -- /root/webApp/btools/templates/dashboard.html [2ms]
2024-09-11 08:55:14.494 [info] > git show --textconv :webApp/btools/views.py [3ms]
2024-09-11 08:55:14.495 [info] > git ls-files --stage -- /root/webApp/btools/views.py [2ms]
2024-09-11 08:55:15.426 [info] > git show --textconv :webApp/btools/urls.py [3ms]
2024-09-11 08:55:15.427 [info] > git ls-files --stage -- /root/webApp/btools/urls.py [1ms]
2024-09-11 08:55:15.429 [info] > git cat-file -s 75125c7878d6f1282c27101f219c8e21dd5a1d5e [1ms]
2024-09-11 08:55:30.089 [info] > git show --textconv :webApp/btools/views.py [2ms]
2024-09-11 08:55:30.090 [info] > git ls-files --stage -- /root/webApp/btools/views.py [1ms]
2024-09-11 08:55:38.997 [info] > git show --textconv :webApp/btools/urls.py [3ms]
2024-09-11 08:55:38.998 [info] > git ls-files --stage -- /root/webApp/btools/urls.py [2ms]
2024-09-11 08:55:39.001 [info] > git cat-file -s 75125c7878d6f1282c27101f219c8e21dd5a1d5e [1ms]
2024-09-11 08:56:26.274 [info] > git ls-files --stage -- /root/webApp/btools/views.py [1ms]
2024-09-11 08:56:26.277 [info] > git show --textconv :webApp/btools/views.py [8ms]
2024-09-11 08:57:38.629 [info] > git show --textconv :webApp/btools/templates/dashboard.html [3ms]
2024-09-11 08:57:38.630 [info] > git ls-files --stage -- /root/webApp/btools/templates/dashboard.html [2ms]
2024-09-11 08:58:13.847 [info] > git show --textconv :webApp/templates/dashboard.html [4ms]
2024-09-11 08:58:13.850 [info] > git ls-files --stage -- /root/webApp/templates/dashboard.html [3ms]
2024-09-11 08:58:14.120 [info] > git check-ignore -v -z --stdin [1ms]
2024-09-11 08:58:46.758 [info] > git show --textconv :webApp/btools/urls.py [2ms]
2024-09-11 08:58:46.759 [info] > git ls-files --stage -- /root/webApp/btools/urls.py [1ms]
2024-09-11 08:58:46.762 [info] > git cat-file -s 75125c7878d6f1282c27101f219c8e21dd5a1d5e [1ms]
2024-09-11 08:58:47.476 [info] > git show --textconv :webApp/btools/settings.py [2ms]
2024-09-11 08:58:47.477 [info] > git ls-files --stage -- /root/webApp/btools/settings.py [1ms]
2024-09-11 08:58:47.480 [info] > git cat-file -s e6380cc24d28651539c583fecd04aede7cebee88 [1ms]
2024-09-11 09:00:30.639 [info] > git show --textconv :webApp/btools/urls.py [3ms]
2024-09-11 09:00:30.640 [info] > git ls-files --stage -- /root/webApp/btools/urls.py [2ms]
2024-09-11 09:00:30.643 [info] > git cat-file -s 75125c7878d6f1282c27101f219c8e21dd5a1d5e [1ms]
2024-09-11 09:00:32.586 [info] > git show --textconv :webApp/btools/views.py [2ms]
2024-09-11 09:00:32.587 [info] > git ls-files --stage -- /root/webApp/btools/views.py [1ms]
2024-09-11 09:00:36.631 [info] > git show --textconv :webApp/btools/settings.py [2ms]
2024-09-11 09:00:36.632 [info] > git ls-files --stage -- /root/webApp/btools/settings.py [1ms]
2024-09-11 09:00:36.635 [info] > git cat-file -s e6380cc24d28651539c583fecd04aede7cebee88 [1ms]
2024-09-11 09:00:37.385 [info] > git show --textconv :webApp/btools/urls.py [3ms]
2024-09-11 09:00:37.386 [info] > git ls-files --stage -- /root/webApp/btools/urls.py [1ms]
2024-09-11 09:00:37.388 [info] > git cat-file -s 75125c7878d6f1282c27101f219c8e21dd5a1d5e [1ms]
2024-09-11 09:00:38.372 [info] > git show --textconv :webApp/templates/login.html [3ms]
2024-09-11 09:00:38.373 [info] > git ls-files --stage -- /root/webApp/templates/login.html [1ms]
