2024-08-29 04:41:36.590 [info] Extension host with pid 22219 started
2024-08-29 04:41:36.590 [error] Error: EEXIST: file already exists, open '/root/.vscode-server/data/User/workspaceStorage/8949629dd5cf0999335706f43dd62ed8/vscode.lock'
2024-08-29 04:41:36.593 [info] Lock '/root/.vscode-server/data/User/workspaceStorage/8949629dd5cf0999335706f43dd62ed8/vscode.lock': Could not acquire lock, checking if the file is stale.
2024-08-29 04:41:36.608 [info] Lock '/root/.vscode-server/data/User/workspaceStorage/8949629dd5cf0999335706f43dd62ed8/vscode.lock': The lock does not look stale, elapsed: 886 ms, giving up.
2024-08-29 04:41:36.811 [info] Lock '/root/.vscode-server/data/User/workspaceStorage/8949629dd5cf0999335706f43dd62ed8-1/vscode.lock': Lock acquired.
2024-08-29 04:41:36.962 [info] ExtensionService#_doActivateExtension vscode.emmet, startup: false, activationEvent: 'onLanguage'
2024-08-29 04:41:37.287 [info] ExtensionService#_doActivateExtension vscode.git-base, startup: true, activationEvent: '*', root cause: vscode.git
2024-08-29 04:41:37.372 [info] ExtensionService#_doActivateExtension vscode.git, startup: true, activationEvent: '*'
2024-08-29 04:41:37.373 [info] ExtensionService#_doActivateExtension vscode.github, startup: true, activationEvent: '*'
2024-08-29 04:41:37.645 [info] Eager extensions activated
2024-08-29 04:41:37.645 [info] ExtensionService#_doActivateExtension vscode.debug-auto-launch, startup: false, activationEvent: 'onStartupFinished'
2024-08-29 04:41:37.646 [info] ExtensionService#_doActivateExtension vscode.merge-conflict, startup: false, activationEvent: 'onStartupFinished'
2024-08-29 04:41:37.926 [warning] [Decorations] CAPPING events from decorations provider vscode.git 7487
2024-08-29 04:41:39.609 [warning] [Decorations] CAPPING events from decorations provider vscode.git 7489
2024-08-29 07:43:47.392 [info] Extension host terminating: renderer disconnected for too long (1)
2024-08-29 07:43:47.392 [info] Lock '/root/.vscode-server/data/User/workspaceStorage/8949629dd5cf0999335706f43dd62ed8-1/vscode.lock': Marking the lockfile as scheduled to be released in 6000 ms.
2024-08-29 07:43:47.412 [error] Canceled: Canceled
	at new C (/root/.vscode-server/cli/servers/Stable-fee1edb8d6d72a0ddff41e5f71a671c23ed924b9/server/out/vs/workbench/api/node/extensionHostProcess.js:144:35204)
	at y.U (/root/.vscode-server/cli/servers/Stable-fee1edb8d6d72a0ddff41e5f71a671c23ed924b9/server/out/vs/workbench/api/node/extensionHostProcess.js:151:6017)
	at z.<computed>.j.charCodeAt.R.CharCode.DollarSign.z.<computed> (/root/.vscode-server/cli/servers/Stable-fee1edb8d6d72a0ddff41e5f71a671c23ed924b9/server/out/vs/workbench/api/node/extensionHostProcess.js:151:3107)
	at d.g (/root/.vscode-server/cli/servers/Stable-fee1edb8d6d72a0ddff41e5f71a671c23ed924b9/server/out/vs/workbench/api/node/extensionHostProcess.js:154:205942)
	at d.executeCommand (/root/.vscode-server/cli/servers/Stable-fee1edb8d6d72a0ddff41e5f71a671c23ed924b9/server/out/vs/workbench/api/node/extensionHostProcess.js:154:205380)
	at A.registerCommand.description (/root/.vscode-server/cli/servers/Stable-fee1edb8d6d72a0ddff41e5f71a671c23ed924b9/server/out/vs/workbench/api/node/extensionHostProcess.js:154:204704)
	at d.h (/root/.vscode-server/cli/servers/Stable-fee1edb8d6d72a0ddff41e5f71a671c23ed924b9/server/out/vs/workbench/api/node/extensionHostProcess.js:154:206481)
	at d.g (/root/.vscode-server/cli/servers/Stable-fee1edb8d6d72a0ddff41e5f71a671c23ed924b9/server/out/vs/workbench/api/node/extensionHostProcess.js:154:205473)
	at d.executeCommand (/root/.vscode-server/cli/servers/Stable-fee1edb8d6d72a0ddff41e5f71a671c23ed924b9/server/out/vs/workbench/api/node/extensionHostProcess.js:154:205380)
	at Object.executeCommand (/root/.vscode-server/cli/servers/Stable-fee1edb8d6d72a0ddff41e5f71a671c23ed924b9/server/out/vs/workbench/api/node/extensionHostProcess.js:164:23060)
	at i.O [as value] (/root/.vscode-server/cli/servers/Stable-fee1edb8d6d72a0ddff41e5f71a671c23ed924b9/server/extensions/git/dist/main.js:2:951642)
	at n.B (/root/.vscode-server/cli/servers/Stable-fee1edb8d6d72a0ddff41e5f71a671c23ed924b9/server/out/vs/workbench/api/node/extensionHostProcess.js:83:737)
	at n.C (/root/.vscode-server/cli/servers/Stable-fee1edb8d6d72a0ddff41e5f71a671c23ed924b9/server/out/vs/workbench/api/node/extensionHostProcess.js:83:807)
	at n.fire (/root/.vscode-server/cli/servers/Stable-fee1edb8d6d72a0ddff41e5f71a671c23ed924b9/server/out/vs/workbench/api/node/extensionHostProcess.js:83:1023)
	at Object.p [as dispose] (/root/.vscode-server/cli/servers/Stable-fee1edb8d6d72a0ddff41e5f71a671c23ed924b9/server/extensions/git/dist/main.js:2:972220)
	at /root/.vscode-server/cli/servers/Stable-fee1edb8d6d72a0ddff41e5f71a671c23ed924b9/server/extensions/git/dist/main.js:2:978342
	at Array.forEach (<anonymous>)
	at f.dispose (/root/.vscode-server/cli/servers/Stable-fee1edb8d6d72a0ddff41e5f71a671c23ed924b9/server/extensions/git/dist/main.js:2:978328)
	at a.<anonymous> (/root/.vscode-server/cli/servers/Stable-fee1edb8d6d72a0ddff41e5f71a671c23ed924b9/server/out/vs/workbench/api/node/extensionHostProcess.js:152:4173)
	at a.dispose (/root/.vscode-server/cli/servers/Stable-fee1edb8d6d72a0ddff41e5f71a671c23ed924b9/server/out/vs/workbench/api/node/extensionHostProcess.js:152:4270)
	at a.<anonymous> (/root/.vscode-server/cli/servers/Stable-fee1edb8d6d72a0ddff41e5f71a671c23ed924b9/server/extensions/git/dist/main.js:2:953940)
	at a.dispose (/root/.vscode-server/cli/servers/Stable-fee1edb8d6d72a0ddff41e5f71a671c23ed924b9/server/out/vs/workbench/api/node/extensionHostProcess.js:152:4270)
	at $ (/root/.vscode-server/cli/servers/Stable-fee1edb8d6d72a0ddff41e5f71a671c23ed924b9/server/out/vs/workbench/api/node/extensionHostProcess.js:30:744)
	at /root/.vscode-server/cli/servers/Stable-fee1edb8d6d72a0ddff41e5f71a671c23ed924b9/server/out/vs/workbench/api/node/extensionHostProcess.js:160:13379
	at /root/.vscode-server/cli/servers/Stable-fee1edb8d6d72a0ddff41e5f71a671c23ed924b9/server/out/vs/workbench/api/node/extensionHostProcess.js:30:1112
	at Object.dispose (/root/.vscode-server/cli/servers/Stable-fee1edb8d6d72a0ddff41e5f71a671c23ed924b9/server/out/vs/workbench/api/node/extensionHostProcess.js:11:11354)
	at m.eb (/root/.vscode-server/cli/servers/Stable-fee1edb8d6d72a0ddff41e5f71a671c23ed924b9/server/out/vs/workbench/api/node/extensionHostProcess.js:160:10056)
	at /root/.vscode-server/cli/servers/Stable-fee1edb8d6d72a0ddff41e5f71a671c23ed924b9/server/out/vs/workbench/api/node/extensionHostProcess.js:160:7927
	at Array.map (<anonymous>)
	at m.$ (/root/.vscode-server/cli/servers/Stable-fee1edb8d6d72a0ddff41e5f71a671c23ed924b9/server/out/vs/workbench/api/node/extensionHostProcess.js:160:7914)
	at m.terminate (/root/.vscode-server/cli/servers/Stable-fee1edb8d6d72a0ddff41e5f71a671c23ed924b9/server/out/vs/workbench/api/node/extensionHostProcess.js:160:8187)
	at $.terminate (/root/.vscode-server/cli/servers/Stable-fee1edb8d6d72a0ddff41e5f71a671c23ed924b9/server/out/vs/workbench/api/node/extensionHostProcess.js:164:1513)
	at o (/root/.vscode-server/cli/servers/Stable-fee1edb8d6d72a0ddff41e5f71a671c23ed924b9/server/out/vs/workbench/api/node/extensionHostProcess.js:177:10633)
	at j.a (/root/.vscode-server/cli/servers/Stable-fee1edb8d6d72a0ddff41e5f71a671c23ed924b9/server/out/vs/workbench/api/node/extensionHostProcess.js:177:7238)
	at j.h (/root/.vscode-server/cli/servers/Stable-fee1edb8d6d72a0ddff41e5f71a671c23ed924b9/server/out/vs/workbench/api/node/extensionHostProcess.js:87:21483)
	at listOnTimeout (node:internal/timers:573:17)
	at process.processTimers (node:internal/timers:514:7) setContext undefined
2024-08-29 07:43:47.413 [error] Canceled: Canceled
	at new C (/root/.vscode-server/cli/servers/Stable-fee1edb8d6d72a0ddff41e5f71a671c23ed924b9/server/out/vs/workbench/api/node/extensionHostProcess.js:144:35204)
	at y.U (/root/.vscode-server/cli/servers/Stable-fee1edb8d6d72a0ddff41e5f71a671c23ed924b9/server/out/vs/workbench/api/node/extensionHostProcess.js:151:6017)
	at z.<computed>.j.charCodeAt.R.CharCode.DollarSign.z.<computed> (/root/.vscode-server/cli/servers/Stable-fee1edb8d6d72a0ddff41e5f71a671c23ed924b9/server/out/vs/workbench/api/node/extensionHostProcess.js:151:3107)
	at d.g (/root/.vscode-server/cli/servers/Stable-fee1edb8d6d72a0ddff41e5f71a671c23ed924b9/server/out/vs/workbench/api/node/extensionHostProcess.js:154:205942)
	at d.executeCommand (/root/.vscode-server/cli/servers/Stable-fee1edb8d6d72a0ddff41e5f71a671c23ed924b9/server/out/vs/workbench/api/node/extensionHostProcess.js:154:205380)
	at A.registerCommand.description (/root/.vscode-server/cli/servers/Stable-fee1edb8d6d72a0ddff41e5f71a671c23ed924b9/server/out/vs/workbench/api/node/extensionHostProcess.js:154:204704)
	at d.h (/root/.vscode-server/cli/servers/Stable-fee1edb8d6d72a0ddff41e5f71a671c23ed924b9/server/out/vs/workbench/api/node/extensionHostProcess.js:154:206481)
	at d.g (/root/.vscode-server/cli/servers/Stable-fee1edb8d6d72a0ddff41e5f71a671c23ed924b9/server/out/vs/workbench/api/node/extensionHostProcess.js:154:205473)
	at d.executeCommand (/root/.vscode-server/cli/servers/Stable-fee1edb8d6d72a0ddff41e5f71a671c23ed924b9/server/out/vs/workbench/api/node/extensionHostProcess.js:154:205380)
	at Object.executeCommand (/root/.vscode-server/cli/servers/Stable-fee1edb8d6d72a0ddff41e5f71a671c23ed924b9/server/out/vs/workbench/api/node/extensionHostProcess.js:164:23060)
	at set hasGitHubRepositories [as hasGitHubRepositories] (/root/.vscode-server/cli/servers/Stable-fee1edb8d6d72a0ddff41e5f71a671c23ed924b9/server/extensions/github/dist/extension.js:2:322969)
	at /root/.vscode-server/cli/servers/Stable-fee1edb8d6d72a0ddff41e5f71a671c23ed924b9/server/extensions/github/dist/extension.js:2:323928
	at i.value (/root/.vscode-server/cli/servers/Stable-fee1edb8d6d72a0ddff41e5f71a671c23ed924b9/server/extensions/git/dist/main.js:2:1060193)
	at n.B (/root/.vscode-server/cli/servers/Stable-fee1edb8d6d72a0ddff41e5f71a671c23ed924b9/server/out/vs/workbench/api/node/extensionHostProcess.js:83:737)
	at n.C (/root/.vscode-server/cli/servers/Stable-fee1edb8d6d72a0ddff41e5f71a671c23ed924b9/server/out/vs/workbench/api/node/extensionHostProcess.js:83:807)
	at n.fire (/root/.vscode-server/cli/servers/Stable-fee1edb8d6d72a0ddff41e5f71a671c23ed924b9/server/out/vs/workbench/api/node/extensionHostProcess.js:83:1023)
	at Object.p [as dispose] (/root/.vscode-server/cli/servers/Stable-fee1edb8d6d72a0ddff41e5f71a671c23ed924b9/server/extensions/git/dist/main.js:2:972220)
	at /root/.vscode-server/cli/servers/Stable-fee1edb8d6d72a0ddff41e5f71a671c23ed924b9/server/extensions/git/dist/main.js:2:978342
	at Array.forEach (<anonymous>)
	at f.dispose (/root/.vscode-server/cli/servers/Stable-fee1edb8d6d72a0ddff41e5f71a671c23ed924b9/server/extensions/git/dist/main.js:2:978328)
	at a.<anonymous> (/root/.vscode-server/cli/servers/Stable-fee1edb8d6d72a0ddff41e5f71a671c23ed924b9/server/out/vs/workbench/api/node/extensionHostProcess.js:152:4173)
	at a.dispose (/root/.vscode-server/cli/servers/Stable-fee1edb8d6d72a0ddff41e5f71a671c23ed924b9/server/out/vs/workbench/api/node/extensionHostProcess.js:152:4270)
	at a.<anonymous> (/root/.vscode-server/cli/servers/Stable-fee1edb8d6d72a0ddff41e5f71a671c23ed924b9/server/extensions/git/dist/main.js:2:953940)
	at a.dispose (/root/.vscode-server/cli/servers/Stable-fee1edb8d6d72a0ddff41e5f71a671c23ed924b9/server/out/vs/workbench/api/node/extensionHostProcess.js:152:4270)
	at $ (/root/.vscode-server/cli/servers/Stable-fee1edb8d6d72a0ddff41e5f71a671c23ed924b9/server/out/vs/workbench/api/node/extensionHostProcess.js:30:744)
	at /root/.vscode-server/cli/servers/Stable-fee1edb8d6d72a0ddff41e5f71a671c23ed924b9/server/out/vs/workbench/api/node/extensionHostProcess.js:160:13379
	at /root/.vscode-server/cli/servers/Stable-fee1edb8d6d72a0ddff41e5f71a671c23ed924b9/server/out/vs/workbench/api/node/extensionHostProcess.js:30:1112
	at Object.dispose (/root/.vscode-server/cli/servers/Stable-fee1edb8d6d72a0ddff41e5f71a671c23ed924b9/server/out/vs/workbench/api/node/extensionHostProcess.js:11:11354)
	at m.eb (/root/.vscode-server/cli/servers/Stable-fee1edb8d6d72a0ddff41e5f71a671c23ed924b9/server/out/vs/workbench/api/node/extensionHostProcess.js:160:10056)
	at /root/.vscode-server/cli/servers/Stable-fee1edb8d6d72a0ddff41e5f71a671c23ed924b9/server/out/vs/workbench/api/node/extensionHostProcess.js:160:7927
	at Array.map (<anonymous>)
	at m.$ (/root/.vscode-server/cli/servers/Stable-fee1edb8d6d72a0ddff41e5f71a671c23ed924b9/server/out/vs/workbench/api/node/extensionHostProcess.js:160:7914)
	at m.terminate (/root/.vscode-server/cli/servers/Stable-fee1edb8d6d72a0ddff41e5f71a671c23ed924b9/server/out/vs/workbench/api/node/extensionHostProcess.js:160:8187)
	at $.terminate (/root/.vscode-server/cli/servers/Stable-fee1edb8d6d72a0ddff41e5f71a671c23ed924b9/server/out/vs/workbench/api/node/extensionHostProcess.js:164:1513)
	at o (/root/.vscode-server/cli/servers/Stable-fee1edb8d6d72a0ddff41e5f71a671c23ed924b9/server/out/vs/workbench/api/node/extensionHostProcess.js:177:10633)
	at j.a (/root/.vscode-server/cli/servers/Stable-fee1edb8d6d72a0ddff41e5f71a671c23ed924b9/server/out/vs/workbench/api/node/extensionHostProcess.js:177:7238)
	at j.h (/root/.vscode-server/cli/servers/Stable-fee1edb8d6d72a0ddff41e5f71a671c23ed924b9/server/out/vs/workbench/api/node/extensionHostProcess.js:87:21483)
	at listOnTimeout (node:internal/timers:573:17)
	at process.processTimers (node:internal/timers:514:7) setContext undefined
2024-08-29 07:43:47.413 [info] Extension host with pid 22219 exiting with code 0
