2024-08-26 09:00:41.436 [info] [main] Log level: Info
2024-08-26 09:00:41.436 [info] [main] Validating found git in: "git"
2024-08-26 09:00:41.436 [info] [main] Using git "2.25.1" from "git"
2024-08-26 09:00:41.436 [info] [Model][doInitialScan] Initial repository scan started
2024-08-26 09:00:41.436 [info] > git rev-parse --show-toplevel [2ms]
2024-08-26 09:00:41.436 [info] > git rev-parse --show-toplevel [1ms]
2024-08-26 09:00:41.436 [info] [Model][doInitialScan] Initial repository scan completed - repositories (0), closed repositories (0), parent repositories (1), unsafe repositories (0)
2024-08-26 09:00:41.931 [info] > git rev-parse --show-toplevel [1ms]
2024-08-26 09:00:44.413 [info] > git rev-parse --show-toplevel [4ms]
2024-08-26 09:01:37.599 [info] > git rev-parse --show-toplevel [2ms]
2024-08-26 09:01:42.821 [info] > git rev-parse --show-toplevel [1ms]
2024-08-26 09:27:50.852 [info] > git rev-parse --show-toplevel [1ms]
2024-08-26 09:27:51.342 [info] > git rev-parse --show-toplevel [1ms]
2024-08-26 09:44:42.100 [info] > git rev-parse --show-toplevel [1ms]
2024-08-26 09:44:43.710 [info] > git rev-parse --show-toplevel [2ms]
2024-08-26 09:45:05.824 [info] > git rev-parse --show-toplevel [2ms]
2024-08-26 09:45:07.593 [info] > git rev-parse --show-toplevel [1ms]
2024-08-26 09:45:09.146 [info] > git rev-parse --show-toplevel [0ms]
2024-08-26 09:45:19.809 [info] > git rev-parse --show-toplevel [1ms]
2024-08-26 09:45:21.505 [info] > git rev-parse --show-toplevel [1ms]
2024-08-26 09:45:56.269 [info] > git rev-parse --show-toplevel [1ms]
2024-08-26 09:46:14.600 [info] > git rev-parse --show-toplevel [1ms]
2024-08-26 09:46:15.570 [info] > git rev-parse --show-toplevel [1ms]
2024-08-26 09:46:56.333 [info] > git rev-parse --show-toplevel [1ms]
2024-08-26 09:48:04.957 [info] > git rev-parse --show-toplevel [1ms]
2024-08-26 09:48:14.613 [info] > git rev-parse --show-toplevel [1ms]
2024-08-26 09:48:16.803 [info] > git rev-parse --show-toplevel [1ms]
2024-08-26 09:48:17.803 [info] > git rev-parse --show-toplevel [1ms]
2024-08-26 09:50:30.388 [info] > git rev-parse --show-toplevel [2ms]
2024-08-26 09:52:27.317 [info] > git rev-parse --show-toplevel [1ms]
2024-08-26 09:52:29.533 [info] > git rev-parse --show-toplevel [2ms]
2024-08-26 09:53:25.747 [info] > git rev-parse --show-toplevel [1ms]
2024-08-26 09:54:02.848 [info] > git rev-parse --show-toplevel [1ms]
2024-08-26 09:56:57.934 [info] > git rev-parse --show-toplevel [1ms]
2024-08-26 09:59:25.018 [info] > git rev-parse --show-toplevel [1ms]
2024-08-26 09:59:36.237 [info] > git rev-parse --show-toplevel [1ms]
2024-08-26 10:00:31.118 [info] > git rev-parse --show-toplevel [2ms]
2024-08-26 10:00:42.200 [info] > git rev-parse --show-toplevel [2ms]
2024-08-26 10:00:43.308 [info] > git rev-parse --show-toplevel [1ms]
2024-08-26 10:00:52.824 [info] > git rev-parse --show-toplevel [2ms]
2024-08-26 10:00:53.645 [info] > git rev-parse --show-toplevel [2ms]
2024-08-26 10:04:03.078 [info] > git rev-parse --show-toplevel [1ms]
2024-08-26 10:06:00.520 [info] > git rev-parse --show-toplevel [1ms]
2024-08-26 10:06:05.510 [info] > git rev-parse --show-toplevel [1ms]
2024-08-26 10:06:09.802 [info] > git rev-parse --show-toplevel [2ms]
2024-08-26 10:06:12.295 [info] > git rev-parse --show-toplevel [1ms]
2024-08-26 10:06:52.415 [info] > git rev-parse --show-toplevel [3ms]
2024-08-26 10:07:42.693 [info] > git rev-parse --show-toplevel [1ms]
2024-08-26 10:07:46.129 [info] > git rev-parse --show-toplevel [1ms]
2024-08-26 10:07:47.683 [info] > git rev-parse --show-toplevel [1ms]
2024-08-26 10:10:02.474 [info] > git rev-parse --show-toplevel [1ms]
2024-08-26 10:13:38.977 [info] > git rev-parse --show-toplevel [2ms]
