2024-08-27 03:14:48.900 [info] [main] Log level: Info
2024-08-27 03:14:48.900 [info] [main] Validating found git in: "git"
2024-08-27 03:14:48.900 [info] [main] Using git "2.25.1" from "git"
2024-08-27 03:14:48.900 [info] [Model][doInitialScan] Initial repository scan started
2024-08-27 03:14:48.900 [info] > git rev-parse --show-toplevel [2ms]
2024-08-27 03:14:48.900 [info] > git rev-parse --git-dir --git-common-dir [1ms]
2024-08-27 03:14:48.900 [info] [Model][openRepository] Opened repository: /root
2024-08-27 03:14:48.900 [info] > git rev-parse --show-toplevel [44ms]
2024-08-27 03:14:48.900 [info] > git config --get commit.template [48ms]
2024-08-27 03:14:48.900 [info] > git for-each-ref --format=%(refname)%00%(upstream:short)%00%(objectname)%00%(upstream:track)%00%(upstream:remotename)%00%(upstream:remoteref) refs/heads/master refs/remotes/master [7ms]
2024-08-27 03:14:48.901 [info] > git rev-parse --show-toplevel [4ms]
2024-08-27 03:14:48.906 [info] > git rev-parse --show-toplevel [6ms]
2024-08-27 03:14:48.919 [info] > git rev-parse --show-toplevel [6ms]
2024-08-27 03:14:48.924 [info] [Model][doInitialScan] Initial repository scan completed - repositories (1), closed repositories (0), parent repositories (0), unsafe repositories (0)
2024-08-27 03:14:49.025 [info] > git status -z -uall [121ms]
2024-08-27 03:14:49.076 [info] > git for-each-ref --format=%(refname)%00%(upstream:short)%00%(objectname)%00%(upstream:track)%00%(upstream:remotename)%00%(upstream:remoteref) refs/heads/master refs/remotes/master [46ms]
2024-08-27 03:14:49.095 [info] > git config --get commit.template [20ms]
2024-08-27 03:14:49.106 [info] > git config --local branch.master.vscode-merge-base [13ms]
2024-08-27 03:14:49.106 [warning] [Git][config] git config failed: Failed to execute git
2024-08-27 03:14:49.123 [info] > git for-each-ref --format=%(refname)%00%(upstream:short)%00%(objectname)%00%(upstream:track)%00%(upstream:remotename)%00%(upstream:remoteref) refs/heads/master refs/remotes/master [18ms]
2024-08-27 03:14:49.159 [info] > git reflog master --grep-reflog=branch: Created from *. [37ms]
2024-08-27 03:14:49.163 [info] > git symbolic-ref --short refs/remotes/origin/HEAD [2ms]
2024-08-27 03:14:49.163 [info] fatal: ref refs/remotes/origin/HEAD is not a symbolic ref
2024-08-27 03:14:49.168 [info] > git merge-base refs/heads/master refs/remotes/origin/master [2ms]
2024-08-27 03:14:49.173 [info] > git rev-list --count --left-right refs/heads/master...refs/remotes/origin/master [2ms]
2024-08-27 03:14:49.179 [info] > git diff --name-status -z --diff-filter=ADMR 9be68e9751958f1828a1cd9a02ac938bb67b1ba1...refs/remotes/origin/master [2ms]
2024-08-27 03:14:49.380 [info] > git status -z -uall [248ms]
2024-08-27 03:14:49.392 [info] > git for-each-ref --format=%(refname)%00%(upstream:short)%00%(objectname)%00%(upstream:track)%00%(upstream:remotename)%00%(upstream:remoteref) refs/heads/master refs/remotes/master [8ms]
2024-08-27 03:14:49.408 [info] > git check-ignore -v -z --stdin [18ms]
2024-08-27 03:14:49.425 [info] > git show --textconv :webApp/requirements.txt [7ms]
2024-08-27 03:14:49.426 [info] > git config --local branch.master.vscode-merge-base [20ms]
2024-08-27 03:14:49.426 [warning] [Git][config] git config failed: Failed to execute git
2024-08-27 03:14:49.457 [info] > git ls-files --stage -- /root/webApp/requirements.txt [33ms]
2024-08-27 03:14:49.462 [info] > git reflog master --grep-reflog=branch: Created from *. [22ms]
2024-08-27 03:14:49.467 [info] > git cat-file -s 4c99c6800d8c0e26f4fffdbdb28483cd4e3e2bc4 [6ms]
2024-08-27 03:14:49.470 [info] > git symbolic-ref --short refs/remotes/origin/HEAD [4ms]
2024-08-27 03:14:49.470 [info] fatal: ref refs/remotes/origin/HEAD is not a symbolic ref
2024-08-27 03:14:53.146 [info] > git check-ignore -v -z --stdin [3ms]
2024-08-27 03:15:21.366 [info] > git merge-base refs/heads/master refs/remotes/origin/master [1ms]
2024-08-27 03:15:21.379 [info] > git show -s --decorate=full --shortstat --format=%H%n%aN%n%aE%n%at%n%ct%n%P%n%D%n%B -z 9be68e9751958f1828a1cd9a02ac938bb67b1ba1 [3ms]
2024-08-27 03:15:21.381 [info] > git log --format=%H%n%aN%n%aE%n%at%n%ct%n%P%n%D%n%B -z --shortstat 9be68e9751958f1828a1cd9a02ac938bb67b1ba1.. --topo-order --decorate=full refs/heads/master refs/remotes/origin/master [3ms]
2024-08-27 03:15:21.506 [info] > git merge-base refs/heads/master refs/remotes/origin/master [9ms]
2024-08-27 03:15:21.573 [info] > git show -s --decorate=full --shortstat --format=%H%n%aN%n%aE%n%at%n%ct%n%P%n%D%n%B -z 9be68e9751958f1828a1cd9a02ac938bb67b1ba1 [3ms]
2024-08-27 03:15:21.574 [info] > git log --format=%H%n%aN%n%aE%n%at%n%ct%n%P%n%D%n%B -z --shortstat 9be68e9751958f1828a1cd9a02ac938bb67b1ba1.. --topo-order --decorate=full refs/heads/master refs/remotes/origin/master [3ms]
2024-08-27 03:15:22.004 [info] > git check-ignore -v -z --stdin [4ms]
2024-08-27 03:15:42.912 [info] > git show --textconv :webApp/templates/index.html [8ms]
2024-08-27 03:15:42.922 [info] > git ls-files --stage -- /root/webApp/templates/index.html [11ms]
2024-08-27 03:15:42.927 [info] > git cat-file -s b65bdf178c221ed644a28aa480066ded6bd33f6e [2ms]
2024-08-27 03:15:43.950 [info] > git show --textconv :webApp/requirements.txt [4ms]
2024-08-27 03:15:43.952 [info] > git ls-files --stage -- /root/webApp/requirements.txt [5ms]
2024-08-27 03:15:43.954 [info] > git cat-file -s 4c99c6800d8c0e26f4fffdbdb28483cd4e3e2bc4 [1ms]
2024-08-27 03:15:44.219 [info] > git ls-files --stage -- /root/webApp/btools/urls.py [5ms]
2024-08-27 03:15:44.221 [info] > git show --textconv :webApp/btools/urls.py [8ms]
2024-08-27 03:15:44.223 [info] > git cat-file -s 0483ce65dd262b17e34c24b1dac82415c07705f8 [2ms]
2024-08-27 03:15:46.034 [info] > git show --textconv :webApp/requirements.txt [4ms]
2024-08-27 03:15:46.036 [info] > git ls-files --stage -- /root/webApp/requirements.txt [4ms]
2024-08-27 03:15:46.040 [info] > git cat-file -s 4c99c6800d8c0e26f4fffdbdb28483cd4e3e2bc4 [2ms]
2024-08-27 03:15:53.592 [info] > git merge-base refs/heads/master refs/remotes/origin/master [2ms]
2024-08-27 03:15:53.601 [info] > git show -s --decorate=full --shortstat --format=%H%n%aN%n%aE%n%at%n%ct%n%P%n%D%n%B -z 9be68e9751958f1828a1cd9a02ac938bb67b1ba1 [2ms]
2024-08-27 03:15:53.602 [info] > git log --format=%H%n%aN%n%aE%n%at%n%ct%n%P%n%D%n%B -z --shortstat 9be68e9751958f1828a1cd9a02ac938bb67b1ba1.. --topo-order --decorate=full refs/heads/master refs/remotes/origin/master [2ms]
2024-08-27 03:16:36.936 [info] > git config --get commit.template [3ms]
2024-08-27 03:16:36.936 [info] > git for-each-ref --format=%(refname)%00%(upstream:short)%00%(objectname)%00%(upstream:track)%00%(upstream:remotename)%00%(upstream:remoteref) refs/heads/master refs/remotes/master [2ms]
2024-08-27 03:16:37.006 [info] > git status -z -uall [67ms]
2024-08-27 03:16:37.011 [info] > git for-each-ref --format=%(refname)%00%(upstream:short)%00%(objectname)%00%(upstream:track)%00%(upstream:remotename)%00%(upstream:remoteref) refs/heads/master refs/remotes/master [1ms]
2024-08-27 03:16:37.018 [info] > git config --local branch.master.vscode-merge-base [0ms]
2024-08-27 03:16:37.018 [warning] [Git][config] git config failed: Failed to execute git
2024-08-27 03:16:37.021 [info] > git reflog master --grep-reflog=branch: Created from *. [1ms]
2024-08-27 03:16:37.023 [info] > git symbolic-ref --short refs/remotes/origin/HEAD [1ms]
2024-08-27 03:16:37.023 [info] fatal: ref refs/remotes/origin/HEAD is not a symbolic ref
