2024-08-28 01:33:14.539 [info] Extension host with pid 12199 started
2024-08-28 01:33:14.539 [error] Error: EEXIST: file already exists, open '/root/.vscode-server/data/User/workspaceStorage/8949629dd5cf0999335706f43dd62ed8/vscode.lock'
2024-08-28 01:33:14.542 [info] Lock '/root/.vscode-server/data/User/workspaceStorage/8949629dd5cf0999335706f43dd62ed8/vscode.lock': Could not acquire lock, checking if the file is stale.
2024-08-28 01:33:14.553 [info] Lock '/root/.vscode-server/data/User/workspaceStorage/8949629dd5cf0999335706f43dd62ed8/vscode.lock': The lock does not look stale, elapsed: 301 ms, giving up.
2024-08-28 01:33:14.582 [info] Lock '/root/.vscode-server/data/User/workspaceStorage/8949629dd5cf0999335706f43dd62ed8-1/vscode.lock': Lock acquired.
2024-08-28 01:33:14.847 [info] ExtensionService#_doActivateExtension vscode.emmet, startup: false, activationEvent: 'onLanguage'
2024-08-28 01:33:15.286 [info] ExtensionService#_doActivateExtension vscode.git-base, startup: true, activationEvent: '*', root cause: vscode.git
2024-08-28 01:33:15.336 [info] ExtensionService#_doActivateExtension vscode.git, startup: true, activationEvent: '*'
2024-08-28 01:33:15.337 [info] ExtensionService#_doActivateExtension vscode.github, startup: true, activationEvent: '*'
2024-08-28 01:33:15.598 [info] Eager extensions activated
2024-08-28 01:33:15.598 [info] ExtensionService#_doActivateExtension vscode.debug-auto-launch, startup: false, activationEvent: 'onStartupFinished'
2024-08-28 01:33:15.599 [info] ExtensionService#_doActivateExtension vscode.merge-conflict, startup: false, activationEvent: 'onStartupFinished'
2024-08-28 01:33:16.051 [warning] [Decorations] CAPPING events from decorations provider vscode.git 7466
2024-08-28 01:33:17.575 [warning] [Decorations] CAPPING events from decorations provider vscode.git 7466
2024-08-28 01:36:18.537 [warning] [Decorations] CAPPING events from decorations provider vscode.git 7466
2024-08-28 01:36:44.918 [warning] [Decorations] CAPPING events from decorations provider vscode.git 7466
2024-08-28 01:37:08.227 [info] ExtensionService#_doActivateExtension vscode.npm, startup: false, activationEvent: 'onTerminalQuickFixRequest:ms-vscode.npm-command'
2024-08-28 01:38:16.949 [warning] [Decorations] CAPPING events from decorations provider vscode.git 7467
2024-08-28 01:38:22.091 [warning] [Decorations] CAPPING events from decorations provider vscode.git 7466
2024-08-28 01:38:24.800 [warning] [Decorations] CAPPING events from decorations provider vscode.git 7466
2024-08-28 01:38:27.234 [warning] [Decorations] CAPPING events from decorations provider vscode.git 7466
2024-08-28 01:38:32.367 [warning] [Decorations] CAPPING events from decorations provider vscode.git 7466
2024-08-28 01:38:37.504 [warning] [Decorations] CAPPING events from decorations provider vscode.git 7466
2024-08-28 01:38:42.643 [warning] [Decorations] CAPPING events from decorations provider vscode.git 7466
2024-08-28 01:38:47.776 [warning] [Decorations] CAPPING events from decorations provider vscode.git 7466
2024-08-28 01:38:52.910 [warning] [Decorations] CAPPING events from decorations provider vscode.git 7466
2024-08-28 01:38:58.056 [warning] [Decorations] CAPPING events from decorations provider vscode.git 7466
2024-08-28 01:39:03.189 [warning] [Decorations] CAPPING events from decorations provider vscode.git 7466
2024-08-28 01:39:15.781 [warning] [Decorations] CAPPING events from decorations provider vscode.git 7466
2024-08-28 01:40:10.127 [warning] [Decorations] CAPPING events from decorations provider vscode.git 7466
2024-08-28 01:40:15.264 [warning] [Decorations] CAPPING events from decorations provider vscode.git 7466
2024-08-28 01:40:20.419 [warning] [Decorations] CAPPING events from decorations provider vscode.git 7466
2024-08-28 01:40:25.555 [warning] [Decorations] CAPPING events from decorations provider vscode.git 7466
2024-08-28 01:40:30.680 [warning] [Decorations] CAPPING events from decorations provider vscode.git 7466
2024-08-28 01:40:35.811 [warning] [Decorations] CAPPING events from decorations provider vscode.git 7466
2024-08-28 01:40:57.189 [warning] [Decorations] CAPPING events from decorations provider vscode.git 7466
2024-08-28 01:41:02.336 [warning] [Decorations] CAPPING events from decorations provider vscode.git 7466
2024-08-28 01:41:07.461 [warning] [Decorations] CAPPING events from decorations provider vscode.git 7466
2024-08-28 01:41:12.590 [warning] [Decorations] CAPPING events from decorations provider vscode.git 7466
2024-08-28 01:41:17.723 [warning] [Decorations] CAPPING events from decorations provider vscode.git 7466
2024-08-28 01:41:22.854 [warning] [Decorations] CAPPING events from decorations provider vscode.git 7466
2024-08-28 01:41:28.003 [warning] [Decorations] CAPPING events from decorations provider vscode.git 7466
2024-08-28 01:41:33.136 [warning] [Decorations] CAPPING events from decorations provider vscode.git 7466
2024-08-28 01:41:38.263 [warning] [Decorations] CAPPING events from decorations provider vscode.git 7466
2024-08-28 01:41:43.394 [warning] [Decorations] CAPPING events from decorations provider vscode.git 7466
2024-08-28 01:41:48.526 [warning] [Decorations] CAPPING events from decorations provider vscode.git 7466
2024-08-28 01:41:53.663 [warning] [Decorations] CAPPING events from decorations provider vscode.git 7466
2024-08-28 01:41:58.795 [warning] [Decorations] CAPPING events from decorations provider vscode.git 7466
2024-08-28 01:42:03.938 [warning] [Decorations] CAPPING events from decorations provider vscode.git 7466
2024-08-28 01:42:09.076 [warning] [Decorations] CAPPING events from decorations provider vscode.git 7466
2024-08-28 01:42:14.211 [warning] [Decorations] CAPPING events from decorations provider vscode.git 7466
2024-08-28 01:42:19.347 [warning] [Decorations] CAPPING events from decorations provider vscode.git 7466
2024-08-28 01:42:24.493 [warning] [Decorations] CAPPING events from decorations provider vscode.git 7466
2024-08-28 01:42:29.628 [warning] [Decorations] CAPPING events from decorations provider vscode.git 7466
2024-08-28 01:42:34.768 [warning] [Decorations] CAPPING events from decorations provider vscode.git 7466
2024-08-28 01:42:39.911 [warning] [Decorations] CAPPING events from decorations provider vscode.git 7466
2024-08-28 01:42:45.044 [warning] [Decorations] CAPPING events from decorations provider vscode.git 7466
2024-08-28 01:42:50.184 [warning] [Decorations] CAPPING events from decorations provider vscode.git 7466
2024-08-28 01:42:55.315 [warning] [Decorations] CAPPING events from decorations provider vscode.git 7466
2024-08-28 01:43:29.210 [warning] [Decorations] CAPPING events from decorations provider vscode.git 7466
2024-08-28 01:43:34.341 [warning] [Decorations] CAPPING events from decorations provider vscode.git 7466
2024-08-28 01:43:39.479 [warning] [Decorations] CAPPING events from decorations provider vscode.git 7466
2024-08-28 01:43:44.613 [warning] [Decorations] CAPPING events from decorations provider vscode.git 7466
2024-08-28 01:43:49.738 [warning] [Decorations] CAPPING events from decorations provider vscode.git 7466
2024-08-28 01:43:54.865 [warning] [Decorations] CAPPING events from decorations provider vscode.git 7466
2024-08-28 01:43:59.996 [warning] [Decorations] CAPPING events from decorations provider vscode.git 7466
2024-08-28 01:44:05.126 [warning] [Decorations] CAPPING events from decorations provider vscode.git 7466
2024-08-28 01:44:10.257 [warning] [Decorations] CAPPING events from decorations provider vscode.git 7466
2024-08-28 01:44:13.466 [warning] [Decorations] CAPPING events from decorations provider vscode.git 7466
2024-08-28 01:44:15.395 [warning] [Decorations] CAPPING events from decorations provider vscode.git 7465
2024-08-28 01:44:20.523 [warning] [Decorations] CAPPING events from decorations provider vscode.git 7465
2024-08-28 01:44:25.653 [warning] [Decorations] CAPPING events from decorations provider vscode.git 7465
2024-08-28 01:44:30.788 [warning] [Decorations] CAPPING events from decorations provider vscode.git 7465
2024-08-28 01:44:35.920 [warning] [Decorations] CAPPING events from decorations provider vscode.git 7465
2024-08-28 01:44:41.838 [warning] [Decorations] CAPPING events from decorations provider vscode.git 7467
2024-08-28 01:44:47.037 [warning] [Decorations] CAPPING events from decorations provider vscode.git 7467
2024-08-28 01:44:52.226 [warning] [Decorations] CAPPING events from decorations provider vscode.git 7467
2024-08-28 01:44:57.365 [warning] [Decorations] CAPPING events from decorations provider vscode.git 7466
2024-08-28 01:45:02.495 [warning] [Decorations] CAPPING events from decorations provider vscode.git 7466
2024-08-28 01:45:07.622 [warning] [Decorations] CAPPING events from decorations provider vscode.git 7466
2024-08-28 01:45:12.750 [warning] [Decorations] CAPPING events from decorations provider vscode.git 7466
2024-08-28 01:45:17.882 [warning] [Decorations] CAPPING events from decorations provider vscode.git 7466
2024-08-28 01:45:19.160 [warning] [Decorations] CAPPING events from decorations provider vscode.git 7466
2024-08-28 01:45:23.008 [warning] [Decorations] CAPPING events from decorations provider vscode.git 7466
2024-08-28 01:45:28.137 [warning] [Decorations] CAPPING events from decorations provider vscode.git 7466
2024-08-28 01:45:33.267 [warning] [Decorations] CAPPING events from decorations provider vscode.git 7466
2024-08-28 01:45:38.402 [warning] [Decorations] CAPPING events from decorations provider vscode.git 7466
2024-08-28 01:45:43.527 [warning] [Decorations] CAPPING events from decorations provider vscode.git 7466
2024-08-28 01:45:48.652 [warning] [Decorations] CAPPING events from decorations provider vscode.git 7466
2024-08-28 01:45:53.785 [warning] [Decorations] CAPPING events from decorations provider vscode.git 7466
2024-08-28 01:46:22.213 [warning] [Decorations] CAPPING events from decorations provider vscode.git 7466
2024-08-28 01:46:27.344 [warning] [Decorations] CAPPING events from decorations provider vscode.git 7466
2024-08-28 01:49:10.870 [warning] [Decorations] CAPPING events from decorations provider vscode.git 7466
2024-08-28 01:49:16.003 [warning] [Decorations] CAPPING events from decorations provider vscode.git 7466
2024-08-28 01:49:21.152 [warning] [Decorations] CAPPING events from decorations provider vscode.git 7466
2024-08-28 01:49:26.289 [warning] [Decorations] CAPPING events from decorations provider vscode.git 7466
2024-08-28 01:49:31.422 [warning] [Decorations] CAPPING events from decorations provider vscode.git 7466
2024-08-28 01:49:36.559 [warning] [Decorations] CAPPING events from decorations provider vscode.git 7466
2024-08-28 01:49:41.700 [warning] [Decorations] CAPPING events from decorations provider vscode.git 7466
2024-08-28 01:49:46.835 [warning] [Decorations] CAPPING events from decorations provider vscode.git 7466
2024-08-28 01:49:51.963 [warning] [Decorations] CAPPING events from decorations provider vscode.git 7466
2024-08-28 01:49:57.091 [warning] [Decorations] CAPPING events from decorations provider vscode.git 7466
2024-08-28 01:50:02.224 [warning] [Decorations] CAPPING events from decorations provider vscode.git 7466
2024-08-28 01:50:07.361 [warning] [Decorations] CAPPING events from decorations provider vscode.git 7466
2024-08-28 01:50:12.496 [warning] [Decorations] CAPPING events from decorations provider vscode.git 7466
2024-08-28 01:50:17.631 [warning] [Decorations] CAPPING events from decorations provider vscode.git 7466
2024-08-28 01:50:22.763 [warning] [Decorations] CAPPING events from decorations provider vscode.git 7466
2024-08-28 01:50:27.889 [warning] [Decorations] CAPPING events from decorations provider vscode.git 7466
2024-08-28 01:50:33.024 [warning] [Decorations] CAPPING events from decorations provider vscode.git 7466
2024-08-28 01:50:38.153 [warning] [Decorations] CAPPING events from decorations provider vscode.git 7466
2024-08-28 01:50:43.276 [warning] [Decorations] CAPPING events from decorations provider vscode.git 7466
2024-08-28 01:50:48.411 [warning] [Decorations] CAPPING events from decorations provider vscode.git 7466
2024-08-28 01:50:53.549 [warning] [Decorations] CAPPING events from decorations provider vscode.git 7466
2024-08-28 01:50:58.675 [warning] [Decorations] CAPPING events from decorations provider vscode.git 7466
2024-08-28 01:51:03.805 [warning] [Decorations] CAPPING events from decorations provider vscode.git 7466
2024-08-28 01:51:08.931 [warning] [Decorations] CAPPING events from decorations provider vscode.git 7466
2024-08-28 01:51:14.070 [warning] [Decorations] CAPPING events from decorations provider vscode.git 7466
2024-08-28 01:51:19.203 [warning] [Decorations] CAPPING events from decorations provider vscode.git 7466
2024-08-28 01:51:24.330 [warning] [Decorations] CAPPING events from decorations provider vscode.git 7466
2024-08-28 01:51:29.458 [warning] [Decorations] CAPPING events from decorations provider vscode.git 7466
2024-08-28 01:51:34.582 [warning] [Decorations] CAPPING events from decorations provider vscode.git 7466
2024-08-28 01:51:39.716 [warning] [Decorations] CAPPING events from decorations provider vscode.git 7466
2024-08-28 01:51:44.851 [warning] [Decorations] CAPPING events from decorations provider vscode.git 7466
2024-08-28 01:51:49.982 [warning] [Decorations] CAPPING events from decorations provider vscode.git 7466
2024-08-28 01:51:55.111 [warning] [Decorations] CAPPING events from decorations provider vscode.git 7466
2024-08-28 01:52:00.301 [warning] [Decorations] CAPPING events from decorations provider vscode.git 7466
2024-08-28 01:52:05.432 [warning] [Decorations] CAPPING events from decorations provider vscode.git 7466
2024-08-28 01:52:12.354 [warning] [Decorations] CAPPING events from decorations provider vscode.git 7466
2024-08-28 01:52:17.485 [warning] [Decorations] CAPPING events from decorations provider vscode.git 7466
2024-08-28 01:52:22.613 [warning] [Decorations] CAPPING events from decorations provider vscode.git 7466
2024-08-28 01:52:27.737 [warning] [Decorations] CAPPING events from decorations provider vscode.git 7466
2024-08-28 01:52:32.872 [warning] [Decorations] CAPPING events from decorations provider vscode.git 7466
2024-08-28 01:52:38.001 [warning] [Decorations] CAPPING events from decorations provider vscode.git 7466
2024-08-28 01:52:43.131 [warning] [Decorations] CAPPING events from decorations provider vscode.git 7466
2024-08-28 01:52:48.260 [warning] [Decorations] CAPPING events from decorations provider vscode.git 7466
2024-08-28 01:52:53.389 [warning] [Decorations] CAPPING events from decorations provider vscode.git 7466
2024-08-28 01:52:58.516 [warning] [Decorations] CAPPING events from decorations provider vscode.git 7466
2024-08-28 01:53:03.646 [warning] [Decorations] CAPPING events from decorations provider vscode.git 7466
2024-08-28 01:53:08.776 [warning] [Decorations] CAPPING events from decorations provider vscode.git 7466
2024-08-28 01:53:13.903 [warning] [Decorations] CAPPING events from decorations provider vscode.git 7466
2024-08-28 01:53:19.038 [warning] [Decorations] CAPPING events from decorations provider vscode.git 7466
2024-08-28 01:53:24.167 [warning] [Decorations] CAPPING events from decorations provider vscode.git 7466
2024-08-28 01:53:29.292 [warning] [Decorations] CAPPING events from decorations provider vscode.git 7466
2024-08-28 01:53:34.420 [warning] [Decorations] CAPPING events from decorations provider vscode.git 7466
2024-08-28 01:53:39.549 [warning] [Decorations] CAPPING events from decorations provider vscode.git 7466
2024-08-28 01:53:44.679 [warning] [Decorations] CAPPING events from decorations provider vscode.git 7466
2024-08-28 01:53:49.809 [warning] [Decorations] CAPPING events from decorations provider vscode.git 7466
2024-08-28 01:53:54.944 [warning] [Decorations] CAPPING events from decorations provider vscode.git 7466
2024-08-28 01:54:00.073 [warning] [Decorations] CAPPING events from decorations provider vscode.git 7466
2024-08-28 01:54:05.208 [warning] [Decorations] CAPPING events from decorations provider vscode.git 7466
2024-08-28 01:54:10.332 [warning] [Decorations] CAPPING events from decorations provider vscode.git 7466
2024-08-28 01:54:15.460 [warning] [Decorations] CAPPING events from decorations provider vscode.git 7466
2024-08-28 01:54:20.593 [warning] [Decorations] CAPPING events from decorations provider vscode.git 7466
2024-08-28 01:54:25.723 [warning] [Decorations] CAPPING events from decorations provider vscode.git 7466
2024-08-28 01:54:30.847 [warning] [Decorations] CAPPING events from decorations provider vscode.git 7466
2024-08-28 01:54:35.978 [warning] [Decorations] CAPPING events from decorations provider vscode.git 7466
2024-08-28 01:54:41.109 [warning] [Decorations] CAPPING events from decorations provider vscode.git 7466
2024-08-28 01:54:46.242 [warning] [Decorations] CAPPING events from decorations provider vscode.git 7466
2024-08-28 01:54:51.367 [warning] [Decorations] CAPPING events from decorations provider vscode.git 7466
2024-08-28 01:54:56.496 [warning] [Decorations] CAPPING events from decorations provider vscode.git 7466
2024-08-28 01:55:01.624 [warning] [Decorations] CAPPING events from decorations provider vscode.git 7466
2024-08-28 01:55:06.754 [warning] [Decorations] CAPPING events from decorations provider vscode.git 7466
2024-08-28 01:55:11.885 [warning] [Decorations] CAPPING events from decorations provider vscode.git 7466
2024-08-28 01:55:17.017 [warning] [Decorations] CAPPING events from decorations provider vscode.git 7466
2024-08-28 01:55:22.150 [warning] [Decorations] CAPPING events from decorations provider vscode.git 7466
2024-08-28 01:55:27.277 [warning] [Decorations] CAPPING events from decorations provider vscode.git 7466
2024-08-28 01:55:32.407 [warning] [Decorations] CAPPING events from decorations provider vscode.git 7466
2024-08-28 01:55:37.546 [warning] [Decorations] CAPPING events from decorations provider vscode.git 7466
2024-08-28 01:55:42.675 [warning] [Decorations] CAPPING events from decorations provider vscode.git 7466
2024-08-28 01:55:47.810 [warning] [Decorations] CAPPING events from decorations provider vscode.git 7466
2024-08-28 01:55:52.936 [warning] [Decorations] CAPPING events from decorations provider vscode.git 7466
2024-08-28 01:55:58.065 [warning] [Decorations] CAPPING events from decorations provider vscode.git 7466
2024-08-28 01:56:03.193 [warning] [Decorations] CAPPING events from decorations provider vscode.git 7466
2024-08-28 01:56:08.330 [warning] [Decorations] CAPPING events from decorations provider vscode.git 7466
2024-08-28 01:56:13.460 [warning] [Decorations] CAPPING events from decorations provider vscode.git 7466
2024-08-28 01:56:18.586 [warning] [Decorations] CAPPING events from decorations provider vscode.git 7466
2024-08-28 01:56:23.720 [warning] [Decorations] CAPPING events from decorations provider vscode.git 7466
2024-08-28 01:56:28.858 [warning] [Decorations] CAPPING events from decorations provider vscode.git 7466
2024-08-28 01:56:33.985 [warning] [Decorations] CAPPING events from decorations provider vscode.git 7466
2024-08-28 01:56:39.115 [warning] [Decorations] CAPPING events from decorations provider vscode.git 7466
2024-08-28 01:56:44.239 [warning] [Decorations] CAPPING events from decorations provider vscode.git 7466
2024-08-28 01:56:49.365 [warning] [Decorations] CAPPING events from decorations provider vscode.git 7466
2024-08-28 01:56:54.493 [warning] [Decorations] CAPPING events from decorations provider vscode.git 7466
2024-08-28 01:56:59.622 [warning] [Decorations] CAPPING events from decorations provider vscode.git 7466
2024-08-28 02:26:54.603 [info] Extension host terminating: renderer disconnected for too long (2)
2024-08-28 02:26:54.603 [info] Lock '/root/.vscode-server/data/User/workspaceStorage/8949629dd5cf0999335706f43dd62ed8-1/vscode.lock': Marking the lockfile as scheduled to be released in 6000 ms.
2024-08-28 02:26:54.636 [error] Canceled: Canceled
	at new C (/root/.vscode-server/cli/servers/Stable-fee1edb8d6d72a0ddff41e5f71a671c23ed924b9/server/out/vs/workbench/api/node/extensionHostProcess.js:144:35204)
	at y.U (/root/.vscode-server/cli/servers/Stable-fee1edb8d6d72a0ddff41e5f71a671c23ed924b9/server/out/vs/workbench/api/node/extensionHostProcess.js:151:6017)
	at z.<computed>.j.charCodeAt.R.CharCode.DollarSign.z.<computed> (/root/.vscode-server/cli/servers/Stable-fee1edb8d6d72a0ddff41e5f71a671c23ed924b9/server/out/vs/workbench/api/node/extensionHostProcess.js:151:3107)
	at d.g (/root/.vscode-server/cli/servers/Stable-fee1edb8d6d72a0ddff41e5f71a671c23ed924b9/server/out/vs/workbench/api/node/extensionHostProcess.js:154:205942)
	at d.executeCommand (/root/.vscode-server/cli/servers/Stable-fee1edb8d6d72a0ddff41e5f71a671c23ed924b9/server/out/vs/workbench/api/node/extensionHostProcess.js:154:205380)
	at A.registerCommand.description (/root/.vscode-server/cli/servers/Stable-fee1edb8d6d72a0ddff41e5f71a671c23ed924b9/server/out/vs/workbench/api/node/extensionHostProcess.js:154:204704)
	at d.h (/root/.vscode-server/cli/servers/Stable-fee1edb8d6d72a0ddff41e5f71a671c23ed924b9/server/out/vs/workbench/api/node/extensionHostProcess.js:154:206481)
	at d.g (/root/.vscode-server/cli/servers/Stable-fee1edb8d6d72a0ddff41e5f71a671c23ed924b9/server/out/vs/workbench/api/node/extensionHostProcess.js:154:205473)
	at d.executeCommand (/root/.vscode-server/cli/servers/Stable-fee1edb8d6d72a0ddff41e5f71a671c23ed924b9/server/out/vs/workbench/api/node/extensionHostProcess.js:154:205380)
	at Object.executeCommand (/root/.vscode-server/cli/servers/Stable-fee1edb8d6d72a0ddff41e5f71a671c23ed924b9/server/out/vs/workbench/api/node/extensionHostProcess.js:164:23060)
	at i.O [as value] (/root/.vscode-server/cli/servers/Stable-fee1edb8d6d72a0ddff41e5f71a671c23ed924b9/server/extensions/git/dist/main.js:2:951642)
	at n.B (/root/.vscode-server/cli/servers/Stable-fee1edb8d6d72a0ddff41e5f71a671c23ed924b9/server/out/vs/workbench/api/node/extensionHostProcess.js:83:737)
	at n.C (/root/.vscode-server/cli/servers/Stable-fee1edb8d6d72a0ddff41e5f71a671c23ed924b9/server/out/vs/workbench/api/node/extensionHostProcess.js:83:807)
	at n.fire (/root/.vscode-server/cli/servers/Stable-fee1edb8d6d72a0ddff41e5f71a671c23ed924b9/server/out/vs/workbench/api/node/extensionHostProcess.js:83:1023)
	at Object.p [as dispose] (/root/.vscode-server/cli/servers/Stable-fee1edb8d6d72a0ddff41e5f71a671c23ed924b9/server/extensions/git/dist/main.js:2:972220)
	at /root/.vscode-server/cli/servers/Stable-fee1edb8d6d72a0ddff41e5f71a671c23ed924b9/server/extensions/git/dist/main.js:2:978342
	at Array.forEach (<anonymous>)
	at f.dispose (/root/.vscode-server/cli/servers/Stable-fee1edb8d6d72a0ddff41e5f71a671c23ed924b9/server/extensions/git/dist/main.js:2:978328)
	at a.<anonymous> (/root/.vscode-server/cli/servers/Stable-fee1edb8d6d72a0ddff41e5f71a671c23ed924b9/server/out/vs/workbench/api/node/extensionHostProcess.js:152:4173)
	at a.dispose (/root/.vscode-server/cli/servers/Stable-fee1edb8d6d72a0ddff41e5f71a671c23ed924b9/server/out/vs/workbench/api/node/extensionHostProcess.js:152:4270)
	at a.<anonymous> (/root/.vscode-server/cli/servers/Stable-fee1edb8d6d72a0ddff41e5f71a671c23ed924b9/server/extensions/git/dist/main.js:2:953940)
	at a.dispose (/root/.vscode-server/cli/servers/Stable-fee1edb8d6d72a0ddff41e5f71a671c23ed924b9/server/out/vs/workbench/api/node/extensionHostProcess.js:152:4270)
	at $ (/root/.vscode-server/cli/servers/Stable-fee1edb8d6d72a0ddff41e5f71a671c23ed924b9/server/out/vs/workbench/api/node/extensionHostProcess.js:30:744)
	at /root/.vscode-server/cli/servers/Stable-fee1edb8d6d72a0ddff41e5f71a671c23ed924b9/server/out/vs/workbench/api/node/extensionHostProcess.js:160:13379
	at /root/.vscode-server/cli/servers/Stable-fee1edb8d6d72a0ddff41e5f71a671c23ed924b9/server/out/vs/workbench/api/node/extensionHostProcess.js:30:1112
	at Object.dispose (/root/.vscode-server/cli/servers/Stable-fee1edb8d6d72a0ddff41e5f71a671c23ed924b9/server/out/vs/workbench/api/node/extensionHostProcess.js:11:11354)
	at m.eb (/root/.vscode-server/cli/servers/Stable-fee1edb8d6d72a0ddff41e5f71a671c23ed924b9/server/out/vs/workbench/api/node/extensionHostProcess.js:160:10056)
	at /root/.vscode-server/cli/servers/Stable-fee1edb8d6d72a0ddff41e5f71a671c23ed924b9/server/out/vs/workbench/api/node/extensionHostProcess.js:160:7927
	at Array.map (<anonymous>)
	at m.$ (/root/.vscode-server/cli/servers/Stable-fee1edb8d6d72a0ddff41e5f71a671c23ed924b9/server/out/vs/workbench/api/node/extensionHostProcess.js:160:7914)
	at m.terminate (/root/.vscode-server/cli/servers/Stable-fee1edb8d6d72a0ddff41e5f71a671c23ed924b9/server/out/vs/workbench/api/node/extensionHostProcess.js:160:8187)
	at $.terminate (/root/.vscode-server/cli/servers/Stable-fee1edb8d6d72a0ddff41e5f71a671c23ed924b9/server/out/vs/workbench/api/node/extensionHostProcess.js:164:1513)
	at o (/root/.vscode-server/cli/servers/Stable-fee1edb8d6d72a0ddff41e5f71a671c23ed924b9/server/out/vs/workbench/api/node/extensionHostProcess.js:177:10633)
	at j.a (/root/.vscode-server/cli/servers/Stable-fee1edb8d6d72a0ddff41e5f71a671c23ed924b9/server/out/vs/workbench/api/node/extensionHostProcess.js:177:7301)
	at j.h (/root/.vscode-server/cli/servers/Stable-fee1edb8d6d72a0ddff41e5f71a671c23ed924b9/server/out/vs/workbench/api/node/extensionHostProcess.js:87:21483)
	at listOnTimeout (node:internal/timers:573:17)
	at process.processTimers (node:internal/timers:514:7) setContext undefined
2024-08-28 02:26:54.637 [error] Canceled: Canceled
	at new C (/root/.vscode-server/cli/servers/Stable-fee1edb8d6d72a0ddff41e5f71a671c23ed924b9/server/out/vs/workbench/api/node/extensionHostProcess.js:144:35204)
	at y.U (/root/.vscode-server/cli/servers/Stable-fee1edb8d6d72a0ddff41e5f71a671c23ed924b9/server/out/vs/workbench/api/node/extensionHostProcess.js:151:6017)
	at z.<computed>.j.charCodeAt.R.CharCode.DollarSign.z.<computed> (/root/.vscode-server/cli/servers/Stable-fee1edb8d6d72a0ddff41e5f71a671c23ed924b9/server/out/vs/workbench/api/node/extensionHostProcess.js:151:3107)
	at d.g (/root/.vscode-server/cli/servers/Stable-fee1edb8d6d72a0ddff41e5f71a671c23ed924b9/server/out/vs/workbench/api/node/extensionHostProcess.js:154:205942)
	at d.executeCommand (/root/.vscode-server/cli/servers/Stable-fee1edb8d6d72a0ddff41e5f71a671c23ed924b9/server/out/vs/workbench/api/node/extensionHostProcess.js:154:205380)
	at A.registerCommand.description (/root/.vscode-server/cli/servers/Stable-fee1edb8d6d72a0ddff41e5f71a671c23ed924b9/server/out/vs/workbench/api/node/extensionHostProcess.js:154:204704)
	at d.h (/root/.vscode-server/cli/servers/Stable-fee1edb8d6d72a0ddff41e5f71a671c23ed924b9/server/out/vs/workbench/api/node/extensionHostProcess.js:154:206481)
	at d.g (/root/.vscode-server/cli/servers/Stable-fee1edb8d6d72a0ddff41e5f71a671c23ed924b9/server/out/vs/workbench/api/node/extensionHostProcess.js:154:205473)
	at d.executeCommand (/root/.vscode-server/cli/servers/Stable-fee1edb8d6d72a0ddff41e5f71a671c23ed924b9/server/out/vs/workbench/api/node/extensionHostProcess.js:154:205380)
	at Object.executeCommand (/root/.vscode-server/cli/servers/Stable-fee1edb8d6d72a0ddff41e5f71a671c23ed924b9/server/out/vs/workbench/api/node/extensionHostProcess.js:164:23060)
	at set hasGitHubRepositories [as hasGitHubRepositories] (/root/.vscode-server/cli/servers/Stable-fee1edb8d6d72a0ddff41e5f71a671c23ed924b9/server/extensions/github/dist/extension.js:2:322969)
	at /root/.vscode-server/cli/servers/Stable-fee1edb8d6d72a0ddff41e5f71a671c23ed924b9/server/extensions/github/dist/extension.js:2:323928
	at i.value (/root/.vscode-server/cli/servers/Stable-fee1edb8d6d72a0ddff41e5f71a671c23ed924b9/server/extensions/git/dist/main.js:2:1060193)
	at n.B (/root/.vscode-server/cli/servers/Stable-fee1edb8d6d72a0ddff41e5f71a671c23ed924b9/server/out/vs/workbench/api/node/extensionHostProcess.js:83:737)
	at n.C (/root/.vscode-server/cli/servers/Stable-fee1edb8d6d72a0ddff41e5f71a671c23ed924b9/server/out/vs/workbench/api/node/extensionHostProcess.js:83:807)
	at n.fire (/root/.vscode-server/cli/servers/Stable-fee1edb8d6d72a0ddff41e5f71a671c23ed924b9/server/out/vs/workbench/api/node/extensionHostProcess.js:83:1023)
	at Object.p [as dispose] (/root/.vscode-server/cli/servers/Stable-fee1edb8d6d72a0ddff41e5f71a671c23ed924b9/server/extensions/git/dist/main.js:2:972220)
	at /root/.vscode-server/cli/servers/Stable-fee1edb8d6d72a0ddff41e5f71a671c23ed924b9/server/extensions/git/dist/main.js:2:978342
	at Array.forEach (<anonymous>)
	at f.dispose (/root/.vscode-server/cli/servers/Stable-fee1edb8d6d72a0ddff41e5f71a671c23ed924b9/server/extensions/git/dist/main.js:2:978328)
	at a.<anonymous> (/root/.vscode-server/cli/servers/Stable-fee1edb8d6d72a0ddff41e5f71a671c23ed924b9/server/out/vs/workbench/api/node/extensionHostProcess.js:152:4173)
	at a.dispose (/root/.vscode-server/cli/servers/Stable-fee1edb8d6d72a0ddff41e5f71a671c23ed924b9/server/out/vs/workbench/api/node/extensionHostProcess.js:152:4270)
	at a.<anonymous> (/root/.vscode-server/cli/servers/Stable-fee1edb8d6d72a0ddff41e5f71a671c23ed924b9/server/extensions/git/dist/main.js:2:953940)
	at a.dispose (/root/.vscode-server/cli/servers/Stable-fee1edb8d6d72a0ddff41e5f71a671c23ed924b9/server/out/vs/workbench/api/node/extensionHostProcess.js:152:4270)
	at $ (/root/.vscode-server/cli/servers/Stable-fee1edb8d6d72a0ddff41e5f71a671c23ed924b9/server/out/vs/workbench/api/node/extensionHostProcess.js:30:744)
	at /root/.vscode-server/cli/servers/Stable-fee1edb8d6d72a0ddff41e5f71a671c23ed924b9/server/out/vs/workbench/api/node/extensionHostProcess.js:160:13379
	at /root/.vscode-server/cli/servers/Stable-fee1edb8d6d72a0ddff41e5f71a671c23ed924b9/server/out/vs/workbench/api/node/extensionHostProcess.js:30:1112
	at Object.dispose (/root/.vscode-server/cli/servers/Stable-fee1edb8d6d72a0ddff41e5f71a671c23ed924b9/server/out/vs/workbench/api/node/extensionHostProcess.js:11:11354)
	at m.eb (/root/.vscode-server/cli/servers/Stable-fee1edb8d6d72a0ddff41e5f71a671c23ed924b9/server/out/vs/workbench/api/node/extensionHostProcess.js:160:10056)
	at /root/.vscode-server/cli/servers/Stable-fee1edb8d6d72a0ddff41e5f71a671c23ed924b9/server/out/vs/workbench/api/node/extensionHostProcess.js:160:7927
	at Array.map (<anonymous>)
	at m.$ (/root/.vscode-server/cli/servers/Stable-fee1edb8d6d72a0ddff41e5f71a671c23ed924b9/server/out/vs/workbench/api/node/extensionHostProcess.js:160:7914)
	at m.terminate (/root/.vscode-server/cli/servers/Stable-fee1edb8d6d72a0ddff41e5f71a671c23ed924b9/server/out/vs/workbench/api/node/extensionHostProcess.js:160:8187)
	at $.terminate (/root/.vscode-server/cli/servers/Stable-fee1edb8d6d72a0ddff41e5f71a671c23ed924b9/server/out/vs/workbench/api/node/extensionHostProcess.js:164:1513)
	at o (/root/.vscode-server/cli/servers/Stable-fee1edb8d6d72a0ddff41e5f71a671c23ed924b9/server/out/vs/workbench/api/node/extensionHostProcess.js:177:10633)
	at j.a (/root/.vscode-server/cli/servers/Stable-fee1edb8d6d72a0ddff41e5f71a671c23ed924b9/server/out/vs/workbench/api/node/extensionHostProcess.js:177:7301)
	at j.h (/root/.vscode-server/cli/servers/Stable-fee1edb8d6d72a0ddff41e5f71a671c23ed924b9/server/out/vs/workbench/api/node/extensionHostProcess.js:87:21483)
	at listOnTimeout (node:internal/timers:573:17)
	at process.processTimers (node:internal/timers:514:7) setContext undefined
2024-08-28 02:26:54.638 [info] Extension host with pid 12199 exiting with code 0
