2024-08-27 03:14:47.728 [info] Extension host with pid 7091 started
2024-08-27 03:14:47.728 [error] Error: EEXIST: file already exists, open '/root/.vscode-server/data/User/workspaceStorage/8949629dd5cf0999335706f43dd62ed8/vscode.lock'
2024-08-27 03:14:47.731 [info] Lock '/root/.vscode-server/data/User/workspaceStorage/8949629dd5cf0999335706f43dd62ed8/vscode.lock': Could not acquire lock, checking if the file is stale.
2024-08-27 03:14:47.748 [info] Lock '/root/.vscode-server/data/User/workspaceStorage/8949629dd5cf0999335706f43dd62ed8/vscode.lock': The lock does not look stale, elapsed: 126 ms, giving up.
2024-08-27 03:14:47.787 [info] Lock '/root/.vscode-server/data/User/workspaceStorage/8949629dd5cf0999335706f43dd62ed8-1/vscode.lock': Lock acquired.
2024-08-27 03:14:47.900 [info] ExtensionService#_doActivateExtension vscode.emmet, startup: false, activationEvent: 'onLanguage'
2024-08-27 03:14:48.126 [info] ExtensionService#_doActivateExtension vscode.git-base, startup: true, activationEvent: '*', root cause: vscode.git
2024-08-27 03:14:48.493 [info] ExtensionService#_doActivateExtension vscode.git, startup: true, activationEvent: '*'
2024-08-27 03:14:48.494 [info] ExtensionService#_doActivateExtension vscode.github, startup: true, activationEvent: '*'
2024-08-27 03:14:48.766 [info] Eager extensions activated
2024-08-27 03:14:48.766 [info] ExtensionService#_doActivateExtension vscode.debug-auto-launch, startup: false, activationEvent: 'onStartupFinished'
2024-08-27 03:14:48.767 [info] ExtensionService#_doActivateExtension vscode.merge-conflict, startup: false, activationEvent: 'onStartupFinished'
2024-08-27 03:15:42.587 [info] ExtensionService#_doActivateExtension vscode.html-language-features, startup: false, activationEvent: 'onLanguage:html'
2024-08-27 03:16:00.436 [info] ExtensionService#_doActivateExtension vscode.npm, startup: false, activationEvent: 'onTerminalQuickFixRequest:ms-vscode.npm-command'
2024-08-27 03:16:00.472 [error] Error: [ExtensionListenerError] Extension 'vscode.git' FAILED to handle event: TypeError: Cannot read properties of undefined (reading 'toLowerCase')
	at i.value (/root/.vscode-server/cli/servers/Stable-fee1edb8d6d72a0ddff41e5f71a671c23ed924b9/server/out/vs/workbench/api/node/extensionHostProcess.js:164:21030)
	at n.B (/root/.vscode-server/cli/servers/Stable-fee1edb8d6d72a0ddff41e5f71a671c23ed924b9/server/out/vs/workbench/api/node/extensionHostProcess.js:83:737)
	at n.fire (/root/.vscode-server/cli/servers/Stable-fee1edb8d6d72a0ddff41e5f71a671c23ed924b9/server/out/vs/workbench/api/node/extensionHostProcess.js:83:954)
	at i.value (/root/.vscode-server/cli/servers/Stable-fee1edb8d6d72a0ddff41e5f71a671c23ed924b9/server/out/vs/workbench/api/node/extensionHostProcess.js:156:2391)
	at n.B (/root/.vscode-server/cli/servers/Stable-fee1edb8d6d72a0ddff41e5f71a671c23ed924b9/server/out/vs/workbench/api/node/extensionHostProcess.js:83:737)
	at n.fire (/root/.vscode-server/cli/servers/Stable-fee1edb8d6d72a0ddff41e5f71a671c23ed924b9/server/out/vs/workbench/api/node/extensionHostProcess.js:83:954)
	at u.endShellExecution (/root/.vscode-server/cli/servers/Stable-fee1edb8d6d72a0ddff41e5f71a671c23ed924b9/server/out/vs/workbench/api/node/extensionHostProcess.js:156:4252)
	at S.$shellExecutionEnd (/root/.vscode-server/cli/servers/Stable-fee1edb8d6d72a0ddff41e5f71a671c23ed924b9/server/out/vs/workbench/api/node/extensionHostProcess.js:156:2813)
	at y.S (/root/.vscode-server/cli/servers/Stable-fee1edb8d6d72a0ddff41e5f71a671c23ed924b9/server/out/vs/workbench/api/node/extensionHostProcess.js:151:5980)
	at y.Q (/root/.vscode-server/cli/servers/Stable-fee1edb8d6d72a0ddff41e5f71a671c23ed924b9/server/out/vs/workbench/api/node/extensionHostProcess.js:151:5746)
	at y.M (/root/.vscode-server/cli/servers/Stable-fee1edb8d6d72a0ddff41e5f71a671c23ed924b9/server/out/vs/workbench/api/node/extensionHostProcess.js:151:4778)
	at y.L (/root/.vscode-server/cli/servers/Stable-fee1edb8d6d72a0ddff41e5f71a671c23ed924b9/server/out/vs/workbench/api/node/extensionHostProcess.js:151:3605)
	at i.value (/root/.vscode-server/cli/servers/Stable-fee1edb8d6d72a0ddff41e5f71a671c23ed924b9/server/out/vs/workbench/api/node/extensionHostProcess.js:151:2297)
	at n.B (/root/.vscode-server/cli/servers/Stable-fee1edb8d6d72a0ddff41e5f71a671c23ed924b9/server/out/vs/workbench/api/node/extensionHostProcess.js:83:737)
	at n.fire (/root/.vscode-server/cli/servers/Stable-fee1edb8d6d72a0ddff41e5f71a671c23ed924b9/server/out/vs/workbench/api/node/extensionHostProcess.js:83:954)
	at s.fire (/root/.vscode-server/cli/servers/Stable-fee1edb8d6d72a0ddff41e5f71a671c23ed924b9/server/out/vs/workbench/api/node/extensionHostProcess.js:97:14453)
	at i.value (/root/.vscode-server/cli/servers/Stable-fee1edb8d6d72a0ddff41e5f71a671c23ed924b9/server/out/vs/workbench/api/node/extensionHostProcess.js:177:8655)
	at n.B (/root/.vscode-server/cli/servers/Stable-fee1edb8d6d72a0ddff41e5f71a671c23ed924b9/server/out/vs/workbench/api/node/extensionHostProcess.js:83:737)
	at n.fire (/root/.vscode-server/cli/servers/Stable-fee1edb8d6d72a0ddff41e5f71a671c23ed924b9/server/out/vs/workbench/api/node/extensionHostProcess.js:83:954)
	at s.fire (/root/.vscode-server/cli/servers/Stable-fee1edb8d6d72a0ddff41e5f71a671c23ed924b9/server/out/vs/workbench/api/node/extensionHostProcess.js:97:14453)
	at d.A (/root/.vscode-server/cli/servers/Stable-fee1edb8d6d72a0ddff41e5f71a671c23ed924b9/server/out/vs/workbench/api/node/extensionHostProcess.js:97:17612)
	at i.value (/root/.vscode-server/cli/servers/Stable-fee1edb8d6d72a0ddff41e5f71a671c23ed924b9/server/out/vs/workbench/api/node/extensionHostProcess.js:97:15970)
	at n.B (/root/.vscode-server/cli/servers/Stable-fee1edb8d6d72a0ddff41e5f71a671c23ed924b9/server/out/vs/workbench/api/node/extensionHostProcess.js:83:737)
	at n.fire (/root/.vscode-server/cli/servers/Stable-fee1edb8d6d72a0ddff41e5f71a671c23ed924b9/server/out/vs/workbench/api/node/extensionHostProcess.js:83:954)
	at m.acceptChunk (/root/.vscode-server/cli/servers/Stable-fee1edb8d6d72a0ddff41e5f71a671c23ed924b9/server/out/vs/workbench/api/node/extensionHostProcess.js:97:12199)
	at /root/.vscode-server/cli/servers/Stable-fee1edb8d6d72a0ddff41e5f71a671c23ed924b9/server/out/vs/workbench/api/node/extensionHostProcess.js:97:11469
	at Socket.v (/root/.vscode-server/cli/servers/Stable-fee1edb8d6d72a0ddff41e5f71a671c23ed924b9/server/out/vs/workbench/api/node/extensionHostProcess.js:174:14266)
	at Socket.emit (node:events:519:28)
	at addChunk (node:internal/streams/readable:559:12)
	at readableAddChunkPushByteMode (node:internal/streams/readable:510:3)
	at Readable.push (node:internal/streams/readable:390:5)
	at Pipe.onStreamRead (node:internal/stream_base_commons:191:23)
2024-08-27 06:16:55.018 [info] Extension host terminating: renderer disconnected for too long (1)
2024-08-27 06:16:55.018 [info] Lock '/root/.vscode-server/data/User/workspaceStorage/8949629dd5cf0999335706f43dd62ed8-1/vscode.lock': Marking the lockfile as scheduled to be released in 6000 ms.
2024-08-27 06:16:55.037 [error] Canceled: Canceled
	at Object.u [as $5] (/root/.vscode-server/cli/servers/Stable-fee1edb8d6d72a0ddff41e5f71a671c23ed924b9/server/out/vs/workbench/api/node/extensionHostProcess.js:10:1082)
	at /root/.vscode-server/cli/servers/Stable-fee1edb8d6d72a0ddff41e5f71a671c23ed924b9/server/out/vs/workbench/api/node/extensionHostProcess.js:151:2406
	at Array.forEach (<anonymous>)
	at y.dispose (/root/.vscode-server/cli/servers/Stable-fee1edb8d6d72a0ddff41e5f71a671c23ed924b9/server/out/vs/workbench/api/node/extensionHostProcess.js:151:2344)
	at m.terminate (/root/.vscode-server/cli/servers/Stable-fee1edb8d6d72a0ddff41e5f71a671c23ed924b9/server/out/vs/workbench/api/node/extensionHostProcess.js:160:8163)
	at $.terminate (/root/.vscode-server/cli/servers/Stable-fee1edb8d6d72a0ddff41e5f71a671c23ed924b9/server/out/vs/workbench/api/node/extensionHostProcess.js:164:1513)
	at o (/root/.vscode-server/cli/servers/Stable-fee1edb8d6d72a0ddff41e5f71a671c23ed924b9/server/out/vs/workbench/api/node/extensionHostProcess.js:177:10633)
	at j.a (/root/.vscode-server/cli/servers/Stable-fee1edb8d6d72a0ddff41e5f71a671c23ed924b9/server/out/vs/workbench/api/node/extensionHostProcess.js:177:7238)
	at j.h (/root/.vscode-server/cli/servers/Stable-fee1edb8d6d72a0ddff41e5f71a671c23ed924b9/server/out/vs/workbench/api/node/extensionHostProcess.js:87:21483)
	at listOnTimeout (node:internal/timers:573:17)
	at process.processTimers (node:internal/timers:514:7) setContext undefined
2024-08-27 06:16:55.038 [error] Canceled: Canceled
	at Object.u [as $5] (/root/.vscode-server/cli/servers/Stable-fee1edb8d6d72a0ddff41e5f71a671c23ed924b9/server/out/vs/workbench/api/node/extensionHostProcess.js:10:1082)
	at /root/.vscode-server/cli/servers/Stable-fee1edb8d6d72a0ddff41e5f71a671c23ed924b9/server/out/vs/workbench/api/node/extensionHostProcess.js:151:2406
	at Array.forEach (<anonymous>)
	at y.dispose (/root/.vscode-server/cli/servers/Stable-fee1edb8d6d72a0ddff41e5f71a671c23ed924b9/server/out/vs/workbench/api/node/extensionHostProcess.js:151:2344)
	at m.terminate (/root/.vscode-server/cli/servers/Stable-fee1edb8d6d72a0ddff41e5f71a671c23ed924b9/server/out/vs/workbench/api/node/extensionHostProcess.js:160:8163)
	at $.terminate (/root/.vscode-server/cli/servers/Stable-fee1edb8d6d72a0ddff41e5f71a671c23ed924b9/server/out/vs/workbench/api/node/extensionHostProcess.js:164:1513)
	at o (/root/.vscode-server/cli/servers/Stable-fee1edb8d6d72a0ddff41e5f71a671c23ed924b9/server/out/vs/workbench/api/node/extensionHostProcess.js:177:10633)
	at j.a (/root/.vscode-server/cli/servers/Stable-fee1edb8d6d72a0ddff41e5f71a671c23ed924b9/server/out/vs/workbench/api/node/extensionHostProcess.js:177:7238)
	at j.h (/root/.vscode-server/cli/servers/Stable-fee1edb8d6d72a0ddff41e5f71a671c23ed924b9/server/out/vs/workbench/api/node/extensionHostProcess.js:87:21483)
	at listOnTimeout (node:internal/timers:573:17)
	at process.processTimers (node:internal/timers:514:7) setContext undefined
2024-08-27 06:16:55.038 [error] Canceled: Canceled
	at Object.u [as $5] (/root/.vscode-server/cli/servers/Stable-fee1edb8d6d72a0ddff41e5f71a671c23ed924b9/server/out/vs/workbench/api/node/extensionHostProcess.js:10:1082)
	at /root/.vscode-server/cli/servers/Stable-fee1edb8d6d72a0ddff41e5f71a671c23ed924b9/server/out/vs/workbench/api/node/extensionHostProcess.js:151:2406
	at Array.forEach (<anonymous>)
	at y.dispose (/root/.vscode-server/cli/servers/Stable-fee1edb8d6d72a0ddff41e5f71a671c23ed924b9/server/out/vs/workbench/api/node/extensionHostProcess.js:151:2344)
	at m.terminate (/root/.vscode-server/cli/servers/Stable-fee1edb8d6d72a0ddff41e5f71a671c23ed924b9/server/out/vs/workbench/api/node/extensionHostProcess.js:160:8163)
	at $.terminate (/root/.vscode-server/cli/servers/Stable-fee1edb8d6d72a0ddff41e5f71a671c23ed924b9/server/out/vs/workbench/api/node/extensionHostProcess.js:164:1513)
	at o (/root/.vscode-server/cli/servers/Stable-fee1edb8d6d72a0ddff41e5f71a671c23ed924b9/server/out/vs/workbench/api/node/extensionHostProcess.js:177:10633)
	at j.a (/root/.vscode-server/cli/servers/Stable-fee1edb8d6d72a0ddff41e5f71a671c23ed924b9/server/out/vs/workbench/api/node/extensionHostProcess.js:177:7238)
	at j.h (/root/.vscode-server/cli/servers/Stable-fee1edb8d6d72a0ddff41e5f71a671c23ed924b9/server/out/vs/workbench/api/node/extensionHostProcess.js:87:21483)
	at listOnTimeout (node:internal/timers:573:17)
	at process.processTimers (node:internal/timers:514:7) setContext undefined
2024-08-27 06:16:55.038 [error] Canceled: Canceled
	at Object.u [as $5] (/root/.vscode-server/cli/servers/Stable-fee1edb8d6d72a0ddff41e5f71a671c23ed924b9/server/out/vs/workbench/api/node/extensionHostProcess.js:10:1082)
	at /root/.vscode-server/cli/servers/Stable-fee1edb8d6d72a0ddff41e5f71a671c23ed924b9/server/out/vs/workbench/api/node/extensionHostProcess.js:151:2406
	at Array.forEach (<anonymous>)
	at y.dispose (/root/.vscode-server/cli/servers/Stable-fee1edb8d6d72a0ddff41e5f71a671c23ed924b9/server/out/vs/workbench/api/node/extensionHostProcess.js:151:2344)
	at m.terminate (/root/.vscode-server/cli/servers/Stable-fee1edb8d6d72a0ddff41e5f71a671c23ed924b9/server/out/vs/workbench/api/node/extensionHostProcess.js:160:8163)
	at $.terminate (/root/.vscode-server/cli/servers/Stable-fee1edb8d6d72a0ddff41e5f71a671c23ed924b9/server/out/vs/workbench/api/node/extensionHostProcess.js:164:1513)
	at o (/root/.vscode-server/cli/servers/Stable-fee1edb8d6d72a0ddff41e5f71a671c23ed924b9/server/out/vs/workbench/api/node/extensionHostProcess.js:177:10633)
	at j.a (/root/.vscode-server/cli/servers/Stable-fee1edb8d6d72a0ddff41e5f71a671c23ed924b9/server/out/vs/workbench/api/node/extensionHostProcess.js:177:7238)
	at j.h (/root/.vscode-server/cli/servers/Stable-fee1edb8d6d72a0ddff41e5f71a671c23ed924b9/server/out/vs/workbench/api/node/extensionHostProcess.js:87:21483)
	at listOnTimeout (node:internal/timers:573:17)
	at process.processTimers (node:internal/timers:514:7) setContext undefined
2024-08-27 06:16:55.038 [error] Canceled: Canceled
	at Object.u [as $5] (/root/.vscode-server/cli/servers/Stable-fee1edb8d6d72a0ddff41e5f71a671c23ed924b9/server/out/vs/workbench/api/node/extensionHostProcess.js:10:1082)
	at /root/.vscode-server/cli/servers/Stable-fee1edb8d6d72a0ddff41e5f71a671c23ed924b9/server/out/vs/workbench/api/node/extensionHostProcess.js:151:2406
	at Array.forEach (<anonymous>)
	at y.dispose (/root/.vscode-server/cli/servers/Stable-fee1edb8d6d72a0ddff41e5f71a671c23ed924b9/server/out/vs/workbench/api/node/extensionHostProcess.js:151:2344)
	at m.terminate (/root/.vscode-server/cli/servers/Stable-fee1edb8d6d72a0ddff41e5f71a671c23ed924b9/server/out/vs/workbench/api/node/extensionHostProcess.js:160:8163)
	at $.terminate (/root/.vscode-server/cli/servers/Stable-fee1edb8d6d72a0ddff41e5f71a671c23ed924b9/server/out/vs/workbench/api/node/extensionHostProcess.js:164:1513)
	at o (/root/.vscode-server/cli/servers/Stable-fee1edb8d6d72a0ddff41e5f71a671c23ed924b9/server/out/vs/workbench/api/node/extensionHostProcess.js:177:10633)
	at j.a (/root/.vscode-server/cli/servers/Stable-fee1edb8d6d72a0ddff41e5f71a671c23ed924b9/server/out/vs/workbench/api/node/extensionHostProcess.js:177:7238)
	at j.h (/root/.vscode-server/cli/servers/Stable-fee1edb8d6d72a0ddff41e5f71a671c23ed924b9/server/out/vs/workbench/api/node/extensionHostProcess.js:87:21483)
	at listOnTimeout (node:internal/timers:573:17)
	at process.processTimers (node:internal/timers:514:7) setContext undefined
2024-08-27 06:16:55.039 [error] Canceled: Canceled
	at Object.u [as $5] (/root/.vscode-server/cli/servers/Stable-fee1edb8d6d72a0ddff41e5f71a671c23ed924b9/server/out/vs/workbench/api/node/extensionHostProcess.js:10:1082)
	at /root/.vscode-server/cli/servers/Stable-fee1edb8d6d72a0ddff41e5f71a671c23ed924b9/server/out/vs/workbench/api/node/extensionHostProcess.js:151:2406
	at Array.forEach (<anonymous>)
	at y.dispose (/root/.vscode-server/cli/servers/Stable-fee1edb8d6d72a0ddff41e5f71a671c23ed924b9/server/out/vs/workbench/api/node/extensionHostProcess.js:151:2344)
	at m.terminate (/root/.vscode-server/cli/servers/Stable-fee1edb8d6d72a0ddff41e5f71a671c23ed924b9/server/out/vs/workbench/api/node/extensionHostProcess.js:160:8163)
	at $.terminate (/root/.vscode-server/cli/servers/Stable-fee1edb8d6d72a0ddff41e5f71a671c23ed924b9/server/out/vs/workbench/api/node/extensionHostProcess.js:164:1513)
	at o (/root/.vscode-server/cli/servers/Stable-fee1edb8d6d72a0ddff41e5f71a671c23ed924b9/server/out/vs/workbench/api/node/extensionHostProcess.js:177:10633)
	at j.a (/root/.vscode-server/cli/servers/Stable-fee1edb8d6d72a0ddff41e5f71a671c23ed924b9/server/out/vs/workbench/api/node/extensionHostProcess.js:177:7238)
	at j.h (/root/.vscode-server/cli/servers/Stable-fee1edb8d6d72a0ddff41e5f71a671c23ed924b9/server/out/vs/workbench/api/node/extensionHostProcess.js:87:21483)
	at listOnTimeout (node:internal/timers:573:17)
	at process.processTimers (node:internal/timers:514:7) setContext undefined
2024-08-27 06:16:55.039 [error] Canceled: Canceled
	at Object.u [as $5] (/root/.vscode-server/cli/servers/Stable-fee1edb8d6d72a0ddff41e5f71a671c23ed924b9/server/out/vs/workbench/api/node/extensionHostProcess.js:10:1082)
	at /root/.vscode-server/cli/servers/Stable-fee1edb8d6d72a0ddff41e5f71a671c23ed924b9/server/out/vs/workbench/api/node/extensionHostProcess.js:151:2406
	at Array.forEach (<anonymous>)
	at y.dispose (/root/.vscode-server/cli/servers/Stable-fee1edb8d6d72a0ddff41e5f71a671c23ed924b9/server/out/vs/workbench/api/node/extensionHostProcess.js:151:2344)
	at m.terminate (/root/.vscode-server/cli/servers/Stable-fee1edb8d6d72a0ddff41e5f71a671c23ed924b9/server/out/vs/workbench/api/node/extensionHostProcess.js:160:8163)
	at $.terminate (/root/.vscode-server/cli/servers/Stable-fee1edb8d6d72a0ddff41e5f71a671c23ed924b9/server/out/vs/workbench/api/node/extensionHostProcess.js:164:1513)
	at o (/root/.vscode-server/cli/servers/Stable-fee1edb8d6d72a0ddff41e5f71a671c23ed924b9/server/out/vs/workbench/api/node/extensionHostProcess.js:177:10633)
	at j.a (/root/.vscode-server/cli/servers/Stable-fee1edb8d6d72a0ddff41e5f71a671c23ed924b9/server/out/vs/workbench/api/node/extensionHostProcess.js:177:7238)
	at j.h (/root/.vscode-server/cli/servers/Stable-fee1edb8d6d72a0ddff41e5f71a671c23ed924b9/server/out/vs/workbench/api/node/extensionHostProcess.js:87:21483)
	at listOnTimeout (node:internal/timers:573:17)
	at process.processTimers (node:internal/timers:514:7) setContext undefined
2024-08-27 06:16:55.040 [error] Canceled: Canceled
	at new C (/root/.vscode-server/cli/servers/Stable-fee1edb8d6d72a0ddff41e5f71a671c23ed924b9/server/out/vs/workbench/api/node/extensionHostProcess.js:144:35204)
	at y.U (/root/.vscode-server/cli/servers/Stable-fee1edb8d6d72a0ddff41e5f71a671c23ed924b9/server/out/vs/workbench/api/node/extensionHostProcess.js:151:6017)
	at z.<computed>.j.charCodeAt.R.CharCode.DollarSign.z.<computed> (/root/.vscode-server/cli/servers/Stable-fee1edb8d6d72a0ddff41e5f71a671c23ed924b9/server/out/vs/workbench/api/node/extensionHostProcess.js:151:3107)
	at d.g (/root/.vscode-server/cli/servers/Stable-fee1edb8d6d72a0ddff41e5f71a671c23ed924b9/server/out/vs/workbench/api/node/extensionHostProcess.js:154:205942)
	at d.executeCommand (/root/.vscode-server/cli/servers/Stable-fee1edb8d6d72a0ddff41e5f71a671c23ed924b9/server/out/vs/workbench/api/node/extensionHostProcess.js:154:205380)
	at A.registerCommand.description (/root/.vscode-server/cli/servers/Stable-fee1edb8d6d72a0ddff41e5f71a671c23ed924b9/server/out/vs/workbench/api/node/extensionHostProcess.js:154:204704)
	at d.h (/root/.vscode-server/cli/servers/Stable-fee1edb8d6d72a0ddff41e5f71a671c23ed924b9/server/out/vs/workbench/api/node/extensionHostProcess.js:154:206481)
	at d.g (/root/.vscode-server/cli/servers/Stable-fee1edb8d6d72a0ddff41e5f71a671c23ed924b9/server/out/vs/workbench/api/node/extensionHostProcess.js:154:205473)
	at d.executeCommand (/root/.vscode-server/cli/servers/Stable-fee1edb8d6d72a0ddff41e5f71a671c23ed924b9/server/out/vs/workbench/api/node/extensionHostProcess.js:154:205380)
	at Object.executeCommand (/root/.vscode-server/cli/servers/Stable-fee1edb8d6d72a0ddff41e5f71a671c23ed924b9/server/out/vs/workbench/api/node/extensionHostProcess.js:164:23060)
	at i.O [as value] (/root/.vscode-server/cli/servers/Stable-fee1edb8d6d72a0ddff41e5f71a671c23ed924b9/server/extensions/git/dist/main.js:2:951642)
	at n.B (/root/.vscode-server/cli/servers/Stable-fee1edb8d6d72a0ddff41e5f71a671c23ed924b9/server/out/vs/workbench/api/node/extensionHostProcess.js:83:737)
	at n.C (/root/.vscode-server/cli/servers/Stable-fee1edb8d6d72a0ddff41e5f71a671c23ed924b9/server/out/vs/workbench/api/node/extensionHostProcess.js:83:807)
	at n.fire (/root/.vscode-server/cli/servers/Stable-fee1edb8d6d72a0ddff41e5f71a671c23ed924b9/server/out/vs/workbench/api/node/extensionHostProcess.js:83:1023)
	at Object.p [as dispose] (/root/.vscode-server/cli/servers/Stable-fee1edb8d6d72a0ddff41e5f71a671c23ed924b9/server/extensions/git/dist/main.js:2:972220)
	at /root/.vscode-server/cli/servers/Stable-fee1edb8d6d72a0ddff41e5f71a671c23ed924b9/server/extensions/git/dist/main.js:2:978342
	at Array.forEach (<anonymous>)
	at f.dispose (/root/.vscode-server/cli/servers/Stable-fee1edb8d6d72a0ddff41e5f71a671c23ed924b9/server/extensions/git/dist/main.js:2:978328)
	at a.<anonymous> (/root/.vscode-server/cli/servers/Stable-fee1edb8d6d72a0ddff41e5f71a671c23ed924b9/server/out/vs/workbench/api/node/extensionHostProcess.js:152:4173)
	at a.dispose (/root/.vscode-server/cli/servers/Stable-fee1edb8d6d72a0ddff41e5f71a671c23ed924b9/server/out/vs/workbench/api/node/extensionHostProcess.js:152:4270)
	at a.<anonymous> (/root/.vscode-server/cli/servers/Stable-fee1edb8d6d72a0ddff41e5f71a671c23ed924b9/server/extensions/git/dist/main.js:2:953940)
	at a.dispose (/root/.vscode-server/cli/servers/Stable-fee1edb8d6d72a0ddff41e5f71a671c23ed924b9/server/out/vs/workbench/api/node/extensionHostProcess.js:152:4270)
	at $ (/root/.vscode-server/cli/servers/Stable-fee1edb8d6d72a0ddff41e5f71a671c23ed924b9/server/out/vs/workbench/api/node/extensionHostProcess.js:30:744)
	at /root/.vscode-server/cli/servers/Stable-fee1edb8d6d72a0ddff41e5f71a671c23ed924b9/server/out/vs/workbench/api/node/extensionHostProcess.js:160:13379
	at /root/.vscode-server/cli/servers/Stable-fee1edb8d6d72a0ddff41e5f71a671c23ed924b9/server/out/vs/workbench/api/node/extensionHostProcess.js:30:1112
	at Object.dispose (/root/.vscode-server/cli/servers/Stable-fee1edb8d6d72a0ddff41e5f71a671c23ed924b9/server/out/vs/workbench/api/node/extensionHostProcess.js:11:11354)
	at m.eb (/root/.vscode-server/cli/servers/Stable-fee1edb8d6d72a0ddff41e5f71a671c23ed924b9/server/out/vs/workbench/api/node/extensionHostProcess.js:160:10056)
	at /root/.vscode-server/cli/servers/Stable-fee1edb8d6d72a0ddff41e5f71a671c23ed924b9/server/out/vs/workbench/api/node/extensionHostProcess.js:160:7927
	at Array.map (<anonymous>)
	at m.$ (/root/.vscode-server/cli/servers/Stable-fee1edb8d6d72a0ddff41e5f71a671c23ed924b9/server/out/vs/workbench/api/node/extensionHostProcess.js:160:7914)
	at m.terminate (/root/.vscode-server/cli/servers/Stable-fee1edb8d6d72a0ddff41e5f71a671c23ed924b9/server/out/vs/workbench/api/node/extensionHostProcess.js:160:8187)
	at $.terminate (/root/.vscode-server/cli/servers/Stable-fee1edb8d6d72a0ddff41e5f71a671c23ed924b9/server/out/vs/workbench/api/node/extensionHostProcess.js:164:1513)
	at o (/root/.vscode-server/cli/servers/Stable-fee1edb8d6d72a0ddff41e5f71a671c23ed924b9/server/out/vs/workbench/api/node/extensionHostProcess.js:177:10633)
	at j.a (/root/.vscode-server/cli/servers/Stable-fee1edb8d6d72a0ddff41e5f71a671c23ed924b9/server/out/vs/workbench/api/node/extensionHostProcess.js:177:7238)
	at j.h (/root/.vscode-server/cli/servers/Stable-fee1edb8d6d72a0ddff41e5f71a671c23ed924b9/server/out/vs/workbench/api/node/extensionHostProcess.js:87:21483)
	at listOnTimeout (node:internal/timers:573:17)
	at process.processTimers (node:internal/timers:514:7) setContext undefined
2024-08-27 06:16:55.041 [error] Canceled: Canceled
	at new C (/root/.vscode-server/cli/servers/Stable-fee1edb8d6d72a0ddff41e5f71a671c23ed924b9/server/out/vs/workbench/api/node/extensionHostProcess.js:144:35204)
	at y.U (/root/.vscode-server/cli/servers/Stable-fee1edb8d6d72a0ddff41e5f71a671c23ed924b9/server/out/vs/workbench/api/node/extensionHostProcess.js:151:6017)
	at z.<computed>.j.charCodeAt.R.CharCode.DollarSign.z.<computed> (/root/.vscode-server/cli/servers/Stable-fee1edb8d6d72a0ddff41e5f71a671c23ed924b9/server/out/vs/workbench/api/node/extensionHostProcess.js:151:3107)
	at d.g (/root/.vscode-server/cli/servers/Stable-fee1edb8d6d72a0ddff41e5f71a671c23ed924b9/server/out/vs/workbench/api/node/extensionHostProcess.js:154:205942)
	at d.executeCommand (/root/.vscode-server/cli/servers/Stable-fee1edb8d6d72a0ddff41e5f71a671c23ed924b9/server/out/vs/workbench/api/node/extensionHostProcess.js:154:205380)
	at A.registerCommand.description (/root/.vscode-server/cli/servers/Stable-fee1edb8d6d72a0ddff41e5f71a671c23ed924b9/server/out/vs/workbench/api/node/extensionHostProcess.js:154:204704)
	at d.h (/root/.vscode-server/cli/servers/Stable-fee1edb8d6d72a0ddff41e5f71a671c23ed924b9/server/out/vs/workbench/api/node/extensionHostProcess.js:154:206481)
	at d.g (/root/.vscode-server/cli/servers/Stable-fee1edb8d6d72a0ddff41e5f71a671c23ed924b9/server/out/vs/workbench/api/node/extensionHostProcess.js:154:205473)
	at d.executeCommand (/root/.vscode-server/cli/servers/Stable-fee1edb8d6d72a0ddff41e5f71a671c23ed924b9/server/out/vs/workbench/api/node/extensionHostProcess.js:154:205380)
	at Object.executeCommand (/root/.vscode-server/cli/servers/Stable-fee1edb8d6d72a0ddff41e5f71a671c23ed924b9/server/out/vs/workbench/api/node/extensionHostProcess.js:164:23060)
	at set hasGitHubRepositories [as hasGitHubRepositories] (/root/.vscode-server/cli/servers/Stable-fee1edb8d6d72a0ddff41e5f71a671c23ed924b9/server/extensions/github/dist/extension.js:2:322969)
	at /root/.vscode-server/cli/servers/Stable-fee1edb8d6d72a0ddff41e5f71a671c23ed924b9/server/extensions/github/dist/extension.js:2:323928
	at i.value (/root/.vscode-server/cli/servers/Stable-fee1edb8d6d72a0ddff41e5f71a671c23ed924b9/server/extensions/git/dist/main.js:2:1060193)
	at n.B (/root/.vscode-server/cli/servers/Stable-fee1edb8d6d72a0ddff41e5f71a671c23ed924b9/server/out/vs/workbench/api/node/extensionHostProcess.js:83:737)
	at n.C (/root/.vscode-server/cli/servers/Stable-fee1edb8d6d72a0ddff41e5f71a671c23ed924b9/server/out/vs/workbench/api/node/extensionHostProcess.js:83:807)
	at n.fire (/root/.vscode-server/cli/servers/Stable-fee1edb8d6d72a0ddff41e5f71a671c23ed924b9/server/out/vs/workbench/api/node/extensionHostProcess.js:83:1023)
	at Object.p [as dispose] (/root/.vscode-server/cli/servers/Stable-fee1edb8d6d72a0ddff41e5f71a671c23ed924b9/server/extensions/git/dist/main.js:2:972220)
	at /root/.vscode-server/cli/servers/Stable-fee1edb8d6d72a0ddff41e5f71a671c23ed924b9/server/extensions/git/dist/main.js:2:978342
	at Array.forEach (<anonymous>)
	at f.dispose (/root/.vscode-server/cli/servers/Stable-fee1edb8d6d72a0ddff41e5f71a671c23ed924b9/server/extensions/git/dist/main.js:2:978328)
	at a.<anonymous> (/root/.vscode-server/cli/servers/Stable-fee1edb8d6d72a0ddff41e5f71a671c23ed924b9/server/out/vs/workbench/api/node/extensionHostProcess.js:152:4173)
	at a.dispose (/root/.vscode-server/cli/servers/Stable-fee1edb8d6d72a0ddff41e5f71a671c23ed924b9/server/out/vs/workbench/api/node/extensionHostProcess.js:152:4270)
	at a.<anonymous> (/root/.vscode-server/cli/servers/Stable-fee1edb8d6d72a0ddff41e5f71a671c23ed924b9/server/extensions/git/dist/main.js:2:953940)
	at a.dispose (/root/.vscode-server/cli/servers/Stable-fee1edb8d6d72a0ddff41e5f71a671c23ed924b9/server/out/vs/workbench/api/node/extensionHostProcess.js:152:4270)
	at $ (/root/.vscode-server/cli/servers/Stable-fee1edb8d6d72a0ddff41e5f71a671c23ed924b9/server/out/vs/workbench/api/node/extensionHostProcess.js:30:744)
	at /root/.vscode-server/cli/servers/Stable-fee1edb8d6d72a0ddff41e5f71a671c23ed924b9/server/out/vs/workbench/api/node/extensionHostProcess.js:160:13379
	at /root/.vscode-server/cli/servers/Stable-fee1edb8d6d72a0ddff41e5f71a671c23ed924b9/server/out/vs/workbench/api/node/extensionHostProcess.js:30:1112
	at Object.dispose (/root/.vscode-server/cli/servers/Stable-fee1edb8d6d72a0ddff41e5f71a671c23ed924b9/server/out/vs/workbench/api/node/extensionHostProcess.js:11:11354)
	at m.eb (/root/.vscode-server/cli/servers/Stable-fee1edb8d6d72a0ddff41e5f71a671c23ed924b9/server/out/vs/workbench/api/node/extensionHostProcess.js:160:10056)
	at /root/.vscode-server/cli/servers/Stable-fee1edb8d6d72a0ddff41e5f71a671c23ed924b9/server/out/vs/workbench/api/node/extensionHostProcess.js:160:7927
	at Array.map (<anonymous>)
	at m.$ (/root/.vscode-server/cli/servers/Stable-fee1edb8d6d72a0ddff41e5f71a671c23ed924b9/server/out/vs/workbench/api/node/extensionHostProcess.js:160:7914)
	at m.terminate (/root/.vscode-server/cli/servers/Stable-fee1edb8d6d72a0ddff41e5f71a671c23ed924b9/server/out/vs/workbench/api/node/extensionHostProcess.js:160:8187)
	at $.terminate (/root/.vscode-server/cli/servers/Stable-fee1edb8d6d72a0ddff41e5f71a671c23ed924b9/server/out/vs/workbench/api/node/extensionHostProcess.js:164:1513)
	at o (/root/.vscode-server/cli/servers/Stable-fee1edb8d6d72a0ddff41e5f71a671c23ed924b9/server/out/vs/workbench/api/node/extensionHostProcess.js:177:10633)
	at j.a (/root/.vscode-server/cli/servers/Stable-fee1edb8d6d72a0ddff41e5f71a671c23ed924b9/server/out/vs/workbench/api/node/extensionHostProcess.js:177:7238)
	at j.h (/root/.vscode-server/cli/servers/Stable-fee1edb8d6d72a0ddff41e5f71a671c23ed924b9/server/out/vs/workbench/api/node/extensionHostProcess.js:87:21483)
	at listOnTimeout (node:internal/timers:573:17)
	at process.processTimers (node:internal/timers:514:7) setContext undefined
2024-08-27 06:16:55.043 [info] Extension host with pid 7091 exiting with code 0
