2024-09-11 08:26:27.756 [info] (Client) Pylance async client (2024.9.1) started with python extension (2024.14.0)
2024-09-11 08:26:28.372 [info] [Info  - 8:26:28 AM] (2501) Server root directory: file:///root/.vscode-server/extensions/ms-python.vscode-pylance-2024.9.1/dist
2024-09-11 08:26:28.373 [info] [Info  - 8:26:28 AM] (2501) Pylance language server 2024.9.1 (pyright version 1.1.378, commit ce64adc1) starting
2024-09-11 08:26:28.373 [info] [Info  - 8:26:28 AM] (2501) Starting service instance "webApp"
2024-09-11 08:26:28.465 [info] [Info  - 8:26:28 AM] (2501) Setting environmentName for service "webApp": "3.10.14 (global)"
2024-09-11 08:26:28.466 [info] [Info  - 8:26:28 AM] (2501) Setting pythonPath for service "webApp": "/usr/bin/python3"
2024-09-11 08:26:28.466 [info] [Info  - 8:26:28 AM] (2501) No include entries specified; assuming /root/webApp
2024-09-11 08:26:28.469 [info] [Info  - 8:26:28 AM] (2501) Auto-excluding **/node_modules
2024-09-11 08:26:28.469 [info] [Info  - 8:26:28 AM] (2501) Auto-excluding **/__pycache__
2024-09-11 08:26:28.470 [info] [Info  - 8:26:28 AM] (2501) Auto-excluding **/.*
2024-09-11 08:26:28.547 [info] [Info  - 8:26:28 AM] (2501) Assuming Python version 3.10.14.final.0
2024-09-11 08:26:28.801 [info] [Info  - 8:26:28 AM] (2501) Found 6 source files
2024-09-11 08:26:33.447 [info] [Info  - 8:26:33 AM] (2501) Background analysis(1) root directory: file:///root/.vscode-server/extensions/ms-python.vscode-pylance-2024.9.1/dist
2024-09-11 08:26:33.447 [info] [Info  - 8:26:33 AM] (2501) Background analysis(1) started
2024-09-11 08:26:33.536 [info] [Info  - 8:26:33 AM] (2501) Indexer background runner(2) root directory: file:///root/.vscode-server/extensions/ms-python.vscode-pylance-2024.9.1/dist (index)
2024-09-11 08:26:33.536 [info] [Info  - 8:26:33 AM] (2501) Indexing(2) started
2024-09-11 08:26:33.544 [info] [Info  - 8:26:33 AM] (2501) [IDX(2)] Long operation: scan packages file:///root/webApp (2173ms)
2024-09-11 08:26:33.544 [info] [Info  - 8:26:33 AM] (2501) scanned(2) 41 files over 1 exec env
2024-09-11 08:26:37.317 [info] [Info  - 8:26:37 AM] (2501) [IDX(2)] Long operation: index execution environment file:///root/webApp (3367ms)
2024-09-11 08:26:37.373 [info] [Info  - 8:26:37 AM] (2501) [IDX(2)] Long operation: index packages file:///root/webApp (3386ms)
2024-09-11 08:26:37.393 [info] [Info  - 8:26:37 AM] (2501) indexed(2) 16 files over 1 exec env
2024-09-11 08:26:37.393 [info] [Info  - 8:26:37 AM] (2501) Indexing finished(2).
2024-09-11 08:44:03.734 [info] [Info  - 8:44:03 AM] (2501) Found 7 source files
2024-09-11 08:48:39.149 [info] [Error - 8:48:39 AM] Request textDocument/codeAction failed.
2024-09-11 08:48:39.149 [info]   Message: Request textDocument/codeAction failed with message: index is out of range
  Code: -32603 
2024-09-11 08:49:30.590 [info] [Info  - 8:49:30 AM] (2501) Found 7 source files
