2024-08-28 01:17:38.945 [info] Extension host with pid 11817 started
2024-08-28 01:17:39.032 [info] Lock '/root/.vscode-server/data/User/workspaceStorage/8949629dd5cf0999335706f43dd62ed8/vscode.lock': Lock acquired.
2024-08-28 01:17:39.209 [info] ExtensionService#_doActivateExtension vscode.git-base, startup: true, activationEvent: '*', root cause: vscode.git
2024-08-28 01:17:39.350 [info] ExtensionService#_doActivateExtension vscode.git, startup: true, activationEvent: '*'
2024-08-28 01:17:39.351 [info] ExtensionService#_doActivateExtension vscode.github, startup: true, activationEvent: '*'
2024-08-28 01:17:39.609 [info] Eager extensions activated
2024-08-28 01:17:39.609 [info] ExtensionService#_doActivateExtension vscode.debug-auto-launch, startup: false, activationEvent: 'onStartupFinished'
2024-08-28 01:17:39.610 [info] ExtensionService#_doActivateExtension vscode.merge-conflict, startup: false, activationEvent: 'onStartupFinished'
2024-08-28 01:17:40.026 [warning] [Decorations] CAPPING events from decorations provider vscode.git 7462
2024-08-28 01:17:41.376 [info] ExtensionService#_doActivateExtension vscode.emmet, startup: false, activationEvent: 'onLanguage'
2024-08-28 01:17:41.646 [warning] [Decorations] CAPPING events from decorations provider vscode.git 7462
2024-08-28 01:17:46.820 [warning] [Decorations] CAPPING events from decorations provider vscode.git 7462
2024-08-28 01:17:51.953 [warning] [Decorations] CAPPING events from decorations provider vscode.git 7462
2024-08-28 01:17:57.089 [warning] [Decorations] CAPPING events from decorations provider vscode.git 7462
2024-08-28 01:18:02.232 [warning] [Decorations] CAPPING events from decorations provider vscode.git 7462
2024-08-28 01:21:47.399 [warning] [Decorations] CAPPING events from decorations provider vscode.git 7462
2024-08-28 01:21:50.732 [info] ExtensionService#_doActivateExtension vscode.npm, startup: false, activationEvent: 'onTerminalQuickFixRequest:ms-vscode.npm-command'
2024-08-28 01:21:52.540 [warning] [Decorations] CAPPING events from decorations provider vscode.git 7462
2024-08-28 01:21:57.688 [warning] [Decorations] CAPPING events from decorations provider vscode.git 7462
2024-08-28 01:22:02.833 [warning] [Decorations] CAPPING events from decorations provider vscode.git 7462
2024-08-28 01:22:07.978 [warning] [Decorations] CAPPING events from decorations provider vscode.git 7462
2024-08-28 01:22:13.110 [warning] [Decorations] CAPPING events from decorations provider vscode.git 7462
2024-08-28 01:38:13.467 [info] Extension host terminating: renderer disconnected for too long (2)
2024-08-28 01:38:13.468 [info] Lock '/root/.vscode-server/data/User/workspaceStorage/8949629dd5cf0999335706f43dd62ed8/vscode.lock': Marking the lockfile as scheduled to be released in 6000 ms.
2024-08-28 01:38:13.498 [error] Canceled: Canceled
	at new C (/root/.vscode-server/cli/servers/Stable-fee1edb8d6d72a0ddff41e5f71a671c23ed924b9/server/out/vs/workbench/api/node/extensionHostProcess.js:144:35204)
	at y.U (/root/.vscode-server/cli/servers/Stable-fee1edb8d6d72a0ddff41e5f71a671c23ed924b9/server/out/vs/workbench/api/node/extensionHostProcess.js:151:6017)
	at z.<computed>.j.charCodeAt.R.CharCode.DollarSign.z.<computed> (/root/.vscode-server/cli/servers/Stable-fee1edb8d6d72a0ddff41e5f71a671c23ed924b9/server/out/vs/workbench/api/node/extensionHostProcess.js:151:3107)
	at d.g (/root/.vscode-server/cli/servers/Stable-fee1edb8d6d72a0ddff41e5f71a671c23ed924b9/server/out/vs/workbench/api/node/extensionHostProcess.js:154:205942)
	at d.executeCommand (/root/.vscode-server/cli/servers/Stable-fee1edb8d6d72a0ddff41e5f71a671c23ed924b9/server/out/vs/workbench/api/node/extensionHostProcess.js:154:205380)
	at A.registerCommand.description (/root/.vscode-server/cli/servers/Stable-fee1edb8d6d72a0ddff41e5f71a671c23ed924b9/server/out/vs/workbench/api/node/extensionHostProcess.js:154:204704)
	at d.h (/root/.vscode-server/cli/servers/Stable-fee1edb8d6d72a0ddff41e5f71a671c23ed924b9/server/out/vs/workbench/api/node/extensionHostProcess.js:154:206481)
	at d.g (/root/.vscode-server/cli/servers/Stable-fee1edb8d6d72a0ddff41e5f71a671c23ed924b9/server/out/vs/workbench/api/node/extensionHostProcess.js:154:205473)
	at d.executeCommand (/root/.vscode-server/cli/servers/Stable-fee1edb8d6d72a0ddff41e5f71a671c23ed924b9/server/out/vs/workbench/api/node/extensionHostProcess.js:154:205380)
	at Object.executeCommand (/root/.vscode-server/cli/servers/Stable-fee1edb8d6d72a0ddff41e5f71a671c23ed924b9/server/out/vs/workbench/api/node/extensionHostProcess.js:164:23060)
	at i.O [as value] (/root/.vscode-server/cli/servers/Stable-fee1edb8d6d72a0ddff41e5f71a671c23ed924b9/server/extensions/git/dist/main.js:2:951642)
	at n.B (/root/.vscode-server/cli/servers/Stable-fee1edb8d6d72a0ddff41e5f71a671c23ed924b9/server/out/vs/workbench/api/node/extensionHostProcess.js:83:737)
	at n.C (/root/.vscode-server/cli/servers/Stable-fee1edb8d6d72a0ddff41e5f71a671c23ed924b9/server/out/vs/workbench/api/node/extensionHostProcess.js:83:807)
	at n.fire (/root/.vscode-server/cli/servers/Stable-fee1edb8d6d72a0ddff41e5f71a671c23ed924b9/server/out/vs/workbench/api/node/extensionHostProcess.js:83:1023)
	at Object.p [as dispose] (/root/.vscode-server/cli/servers/Stable-fee1edb8d6d72a0ddff41e5f71a671c23ed924b9/server/extensions/git/dist/main.js:2:972220)
	at /root/.vscode-server/cli/servers/Stable-fee1edb8d6d72a0ddff41e5f71a671c23ed924b9/server/extensions/git/dist/main.js:2:978342
	at Array.forEach (<anonymous>)
	at f.dispose (/root/.vscode-server/cli/servers/Stable-fee1edb8d6d72a0ddff41e5f71a671c23ed924b9/server/extensions/git/dist/main.js:2:978328)
	at a.<anonymous> (/root/.vscode-server/cli/servers/Stable-fee1edb8d6d72a0ddff41e5f71a671c23ed924b9/server/out/vs/workbench/api/node/extensionHostProcess.js:152:4173)
	at a.dispose (/root/.vscode-server/cli/servers/Stable-fee1edb8d6d72a0ddff41e5f71a671c23ed924b9/server/out/vs/workbench/api/node/extensionHostProcess.js:152:4270)
	at a.<anonymous> (/root/.vscode-server/cli/servers/Stable-fee1edb8d6d72a0ddff41e5f71a671c23ed924b9/server/extensions/git/dist/main.js:2:953940)
	at a.dispose (/root/.vscode-server/cli/servers/Stable-fee1edb8d6d72a0ddff41e5f71a671c23ed924b9/server/out/vs/workbench/api/node/extensionHostProcess.js:152:4270)
	at $ (/root/.vscode-server/cli/servers/Stable-fee1edb8d6d72a0ddff41e5f71a671c23ed924b9/server/out/vs/workbench/api/node/extensionHostProcess.js:30:744)
	at /root/.vscode-server/cli/servers/Stable-fee1edb8d6d72a0ddff41e5f71a671c23ed924b9/server/out/vs/workbench/api/node/extensionHostProcess.js:160:13379
	at /root/.vscode-server/cli/servers/Stable-fee1edb8d6d72a0ddff41e5f71a671c23ed924b9/server/out/vs/workbench/api/node/extensionHostProcess.js:30:1112
	at Object.dispose (/root/.vscode-server/cli/servers/Stable-fee1edb8d6d72a0ddff41e5f71a671c23ed924b9/server/out/vs/workbench/api/node/extensionHostProcess.js:11:11354)
	at m.eb (/root/.vscode-server/cli/servers/Stable-fee1edb8d6d72a0ddff41e5f71a671c23ed924b9/server/out/vs/workbench/api/node/extensionHostProcess.js:160:10056)
	at /root/.vscode-server/cli/servers/Stable-fee1edb8d6d72a0ddff41e5f71a671c23ed924b9/server/out/vs/workbench/api/node/extensionHostProcess.js:160:7927
	at Array.map (<anonymous>)
	at m.$ (/root/.vscode-server/cli/servers/Stable-fee1edb8d6d72a0ddff41e5f71a671c23ed924b9/server/out/vs/workbench/api/node/extensionHostProcess.js:160:7914)
	at m.terminate (/root/.vscode-server/cli/servers/Stable-fee1edb8d6d72a0ddff41e5f71a671c23ed924b9/server/out/vs/workbench/api/node/extensionHostProcess.js:160:8187)
	at $.terminate (/root/.vscode-server/cli/servers/Stable-fee1edb8d6d72a0ddff41e5f71a671c23ed924b9/server/out/vs/workbench/api/node/extensionHostProcess.js:164:1513)
	at o (/root/.vscode-server/cli/servers/Stable-fee1edb8d6d72a0ddff41e5f71a671c23ed924b9/server/out/vs/workbench/api/node/extensionHostProcess.js:177:10633)
	at j.a (/root/.vscode-server/cli/servers/Stable-fee1edb8d6d72a0ddff41e5f71a671c23ed924b9/server/out/vs/workbench/api/node/extensionHostProcess.js:177:7301)
	at j.h (/root/.vscode-server/cli/servers/Stable-fee1edb8d6d72a0ddff41e5f71a671c23ed924b9/server/out/vs/workbench/api/node/extensionHostProcess.js:87:21483)
	at listOnTimeout (node:internal/timers:573:17)
	at process.processTimers (node:internal/timers:514:7) setContext undefined
2024-08-28 01:38:13.499 [error] Canceled: Canceled
	at new C (/root/.vscode-server/cli/servers/Stable-fee1edb8d6d72a0ddff41e5f71a671c23ed924b9/server/out/vs/workbench/api/node/extensionHostProcess.js:144:35204)
	at y.U (/root/.vscode-server/cli/servers/Stable-fee1edb8d6d72a0ddff41e5f71a671c23ed924b9/server/out/vs/workbench/api/node/extensionHostProcess.js:151:6017)
	at z.<computed>.j.charCodeAt.R.CharCode.DollarSign.z.<computed> (/root/.vscode-server/cli/servers/Stable-fee1edb8d6d72a0ddff41e5f71a671c23ed924b9/server/out/vs/workbench/api/node/extensionHostProcess.js:151:3107)
	at d.g (/root/.vscode-server/cli/servers/Stable-fee1edb8d6d72a0ddff41e5f71a671c23ed924b9/server/out/vs/workbench/api/node/extensionHostProcess.js:154:205942)
	at d.executeCommand (/root/.vscode-server/cli/servers/Stable-fee1edb8d6d72a0ddff41e5f71a671c23ed924b9/server/out/vs/workbench/api/node/extensionHostProcess.js:154:205380)
	at A.registerCommand.description (/root/.vscode-server/cli/servers/Stable-fee1edb8d6d72a0ddff41e5f71a671c23ed924b9/server/out/vs/workbench/api/node/extensionHostProcess.js:154:204704)
	at d.h (/root/.vscode-server/cli/servers/Stable-fee1edb8d6d72a0ddff41e5f71a671c23ed924b9/server/out/vs/workbench/api/node/extensionHostProcess.js:154:206481)
	at d.g (/root/.vscode-server/cli/servers/Stable-fee1edb8d6d72a0ddff41e5f71a671c23ed924b9/server/out/vs/workbench/api/node/extensionHostProcess.js:154:205473)
	at d.executeCommand (/root/.vscode-server/cli/servers/Stable-fee1edb8d6d72a0ddff41e5f71a671c23ed924b9/server/out/vs/workbench/api/node/extensionHostProcess.js:154:205380)
	at Object.executeCommand (/root/.vscode-server/cli/servers/Stable-fee1edb8d6d72a0ddff41e5f71a671c23ed924b9/server/out/vs/workbench/api/node/extensionHostProcess.js:164:23060)
	at set hasGitHubRepositories [as hasGitHubRepositories] (/root/.vscode-server/cli/servers/Stable-fee1edb8d6d72a0ddff41e5f71a671c23ed924b9/server/extensions/github/dist/extension.js:2:322969)
	at /root/.vscode-server/cli/servers/Stable-fee1edb8d6d72a0ddff41e5f71a671c23ed924b9/server/extensions/github/dist/extension.js:2:323928
	at i.value (/root/.vscode-server/cli/servers/Stable-fee1edb8d6d72a0ddff41e5f71a671c23ed924b9/server/extensions/git/dist/main.js:2:1060193)
	at n.B (/root/.vscode-server/cli/servers/Stable-fee1edb8d6d72a0ddff41e5f71a671c23ed924b9/server/out/vs/workbench/api/node/extensionHostProcess.js:83:737)
	at n.C (/root/.vscode-server/cli/servers/Stable-fee1edb8d6d72a0ddff41e5f71a671c23ed924b9/server/out/vs/workbench/api/node/extensionHostProcess.js:83:807)
	at n.fire (/root/.vscode-server/cli/servers/Stable-fee1edb8d6d72a0ddff41e5f71a671c23ed924b9/server/out/vs/workbench/api/node/extensionHostProcess.js:83:1023)
	at Object.p [as dispose] (/root/.vscode-server/cli/servers/Stable-fee1edb8d6d72a0ddff41e5f71a671c23ed924b9/server/extensions/git/dist/main.js:2:972220)
	at /root/.vscode-server/cli/servers/Stable-fee1edb8d6d72a0ddff41e5f71a671c23ed924b9/server/extensions/git/dist/main.js:2:978342
	at Array.forEach (<anonymous>)
	at f.dispose (/root/.vscode-server/cli/servers/Stable-fee1edb8d6d72a0ddff41e5f71a671c23ed924b9/server/extensions/git/dist/main.js:2:978328)
	at a.<anonymous> (/root/.vscode-server/cli/servers/Stable-fee1edb8d6d72a0ddff41e5f71a671c23ed924b9/server/out/vs/workbench/api/node/extensionHostProcess.js:152:4173)
	at a.dispose (/root/.vscode-server/cli/servers/Stable-fee1edb8d6d72a0ddff41e5f71a671c23ed924b9/server/out/vs/workbench/api/node/extensionHostProcess.js:152:4270)
	at a.<anonymous> (/root/.vscode-server/cli/servers/Stable-fee1edb8d6d72a0ddff41e5f71a671c23ed924b9/server/extensions/git/dist/main.js:2:953940)
	at a.dispose (/root/.vscode-server/cli/servers/Stable-fee1edb8d6d72a0ddff41e5f71a671c23ed924b9/server/out/vs/workbench/api/node/extensionHostProcess.js:152:4270)
	at $ (/root/.vscode-server/cli/servers/Stable-fee1edb8d6d72a0ddff41e5f71a671c23ed924b9/server/out/vs/workbench/api/node/extensionHostProcess.js:30:744)
	at /root/.vscode-server/cli/servers/Stable-fee1edb8d6d72a0ddff41e5f71a671c23ed924b9/server/out/vs/workbench/api/node/extensionHostProcess.js:160:13379
	at /root/.vscode-server/cli/servers/Stable-fee1edb8d6d72a0ddff41e5f71a671c23ed924b9/server/out/vs/workbench/api/node/extensionHostProcess.js:30:1112
	at Object.dispose (/root/.vscode-server/cli/servers/Stable-fee1edb8d6d72a0ddff41e5f71a671c23ed924b9/server/out/vs/workbench/api/node/extensionHostProcess.js:11:11354)
	at m.eb (/root/.vscode-server/cli/servers/Stable-fee1edb8d6d72a0ddff41e5f71a671c23ed924b9/server/out/vs/workbench/api/node/extensionHostProcess.js:160:10056)
	at /root/.vscode-server/cli/servers/Stable-fee1edb8d6d72a0ddff41e5f71a671c23ed924b9/server/out/vs/workbench/api/node/extensionHostProcess.js:160:7927
	at Array.map (<anonymous>)
	at m.$ (/root/.vscode-server/cli/servers/Stable-fee1edb8d6d72a0ddff41e5f71a671c23ed924b9/server/out/vs/workbench/api/node/extensionHostProcess.js:160:7914)
	at m.terminate (/root/.vscode-server/cli/servers/Stable-fee1edb8d6d72a0ddff41e5f71a671c23ed924b9/server/out/vs/workbench/api/node/extensionHostProcess.js:160:8187)
	at $.terminate (/root/.vscode-server/cli/servers/Stable-fee1edb8d6d72a0ddff41e5f71a671c23ed924b9/server/out/vs/workbench/api/node/extensionHostProcess.js:164:1513)
	at o (/root/.vscode-server/cli/servers/Stable-fee1edb8d6d72a0ddff41e5f71a671c23ed924b9/server/out/vs/workbench/api/node/extensionHostProcess.js:177:10633)
	at j.a (/root/.vscode-server/cli/servers/Stable-fee1edb8d6d72a0ddff41e5f71a671c23ed924b9/server/out/vs/workbench/api/node/extensionHostProcess.js:177:7301)
	at j.h (/root/.vscode-server/cli/servers/Stable-fee1edb8d6d72a0ddff41e5f71a671c23ed924b9/server/out/vs/workbench/api/node/extensionHostProcess.js:87:21483)
	at listOnTimeout (node:internal/timers:573:17)
	at process.processTimers (node:internal/timers:514:7) setContext undefined
2024-08-28 01:38:13.500 [info] Extension host with pid 11817 exiting with code 0
